Using pre-set license
Built from '2022.3/release' branch; Version is '2022.3.48f1 (8bf49c377ebf) revision 9172124'; Using compiler version '192829333'; Build Type 'Release'
OS: 'Windows 10  (10.0.19045) 64bit Core' Language: 'es' Physical Memory: 16149 MB
BatchMode: 1, IsHumanControllingUs: 0, StartBugReporterOnCrash: 0, Is64bit: 1, IsPro: 1

COMMAND LINE ARGUMENTS:
D:\Unity\2022.3.48f1\Editor\Unity.exe
-adb2
-batchMode
-noUpm
-name
AssetImportWorker19
-projectPath
C:/Users/Ghaud/OneDrive/Documents/GitHub/Mage-n-hyde
-logFile
Logs/AssetImportWorker19.log
-srvPort
49804
Successfully changed project path to: C:/Users/Ghaud/OneDrive/Documents/GitHub/Mage-n-hyde
C:/Users/Ghaud/OneDrive/Documents/GitHub/Mage-n-hyde
[UnityMemory] Configuration Parameters - Can be set up in boot.config
    "memorysetup-bucket-allocator-granularity=16"
    "memorysetup-bucket-allocator-bucket-count=8"
    "memorysetup-bucket-allocator-block-size=33554432"
    "memorysetup-bucket-allocator-block-count=8"
    "memorysetup-main-allocator-block-size=16777216"
    "memorysetup-thread-allocator-block-size=16777216"
    "memorysetup-gfx-main-allocator-block-size=16777216"
    "memorysetup-gfx-thread-allocator-block-size=16777216"
    "memorysetup-cache-allocator-block-size=4194304"
    "memorysetup-typetree-allocator-block-size=2097152"
    "memorysetup-profiler-bucket-allocator-granularity=16"
    "memorysetup-profiler-bucket-allocator-bucket-count=8"
    "memorysetup-profiler-bucket-allocator-block-size=33554432"
    "memorysetup-profiler-bucket-allocator-block-count=8"
    "memorysetup-profiler-allocator-block-size=16777216"
    "memorysetup-profiler-editor-allocator-block-size=1048576"
    "memorysetup-temp-allocator-size-main=16777216"
    "memorysetup-job-temp-allocator-block-size=2097152"
    "memorysetup-job-temp-allocator-block-size-background=1048576"
    "memorysetup-job-temp-allocator-reduction-small-platforms=262144"
    "memorysetup-allocator-temp-initial-block-size-main=262144"
    "memorysetup-allocator-temp-initial-block-size-worker=262144"
    "memorysetup-temp-allocator-size-background-worker=32768"
    "memorysetup-temp-allocator-size-job-worker=262144"
    "memorysetup-temp-allocator-size-preload-manager=33554432"
    "memorysetup-temp-allocator-size-nav-mesh-worker=65536"
    "memorysetup-temp-allocator-size-audio-worker=65536"
    "memorysetup-temp-allocator-size-cloud-worker=32768"
    "memorysetup-temp-allocator-size-gi-baking-worker=262144"
    "memorysetup-temp-allocator-size-gfx=262144"
Player connection [11236]  Target information:

Player connection [11236]  * "[IP] 192.168.1.146 [Port] 0 [Flags] 2 [Guid] 3905782293 [EditorId] 3905782293 [Version] 1048832 [Id] WindowsEditor(7,DESKTOP-0JUGQJD) [Debug] 1 [PackageName] WindowsEditor [ProjectName] Editor" 

Player connection [11236] Host joined multi-casting on [225.0.0.222:54997]...
Player connection [11236] Host joined alternative multi-casting on [225.0.0.222:34997]...
[PhysX] Initialized MultithreadedTaskDispatcher with 16 workers.
Refreshing native plugins compatible for Editor in 16.15 ms, found 4 plugins.
Preloading 0 native plugins for Editor in 0.00 ms.
Initialize engine version: 2022.3.48f1 (8bf49c377ebf)
[Subsystems] Discovering subsystems at path D:/Unity/2022.3.48f1/Editor/Data/Resources/UnitySubsystems
[Subsystems] Discovering subsystems at path C:/Users/Ghaud/OneDrive/Documents/GitHub/Mage-n-hyde/Assets
GfxDevice: creating device client; threaded=0; jobified=0
Direct3D:
    Version:  Direct3D 11.0 [level 11.1]
    Renderer: NVIDIA GeForce GTX 1660 Ti (ID=0x2182)
    Vendor:   NVIDIA
    VRAM:     5966 MB
    Driver:   32.0.15.6094
Initialize mono
Mono path[0] = 'D:/Unity/2022.3.48f1/Editor/Data/Managed'
Mono path[1] = 'D:/Unity/2022.3.48f1/Editor/Data/MonoBleedingEdge/lib/mono/unityjit-win32'
Mono config path = 'D:/Unity/2022.3.48f1/Editor/Data/MonoBleedingEdge/etc'
Using monoOptions --debugger-agent=transport=dt_socket,embedding=1,server=y,suspend=n,address=127.0.0.1:56128
Begin MonoManager ReloadAssembly
Registering precompiled unity dll's ...
Register platform support module: D:/Unity/2022.3.48f1/Editor/Data/PlaybackEngines/WebGLSupport/UnityEditor.WebGL.Extensions.dll
Register platform support module: D:/Unity/2022.3.48f1/Editor/Data/PlaybackEngines/WindowsStandaloneSupport/UnityEditor.WindowsStandalone.Extensions.dll
Registered in 0.003423 seconds.
- Loaded All Assemblies, in  0.302 seconds
Native extension for WindowsStandalone target not found
Native extension for WebGL target not found
Mono: successfully reloaded assembly
- Finished resetting the current domain, in  0.234 seconds
Domain Reload Profiling: 536ms
	BeginReloadAssembly (98ms)
		ExecutionOrderSort (0ms)
		DisableScriptedObjects (0ms)
		BackupInstance (0ms)
		ReleaseScriptingObjects (0ms)
		CreateAndSetChildDomain (1ms)
	RebuildCommonClasses (30ms)
	RebuildNativeTypeToScriptingClass (9ms)
	initialDomainReloadingComplete (43ms)
	LoadAllAssembliesAndSetupDomain (123ms)
		LoadAssemblies (97ms)
		RebuildTransferFunctionScriptingTraits (0ms)
		AnalyzeDomain (121ms)
			TypeCache.Refresh (120ms)
				TypeCache.ScanAssembly (109ms)
			ScanForSourceGeneratedMonoScriptInfo (0ms)
			ResolveRequiredComponents (0ms)
	FinalizeReload (234ms)
		ReleaseScriptCaches (0ms)
		RebuildScriptCaches (0ms)
		SetupLoadedEditorAssemblies (195ms)
			LogAssemblyErrors (0ms)
			InitializePlatformSupportModulesInManaged (8ms)
			SetLoadedEditorAssemblies (5ms)
			RefreshPlugins (0ms)
			BeforeProcessingInitializeOnLoad (2ms)
			ProcessInitializeOnLoadAttributes (136ms)
			ProcessInitializeOnLoadMethodAttributes (44ms)
			AfterProcessingInitializeOnLoad (0ms)
			EditorAssembliesLoaded (0ms)
		ExecutionOrderSort2 (0ms)
		AwakeInstancesAfterBackupRestoration (0ms)
========================================================================
Worker process is ready to serve import requests
Caller must complete domain reload
Begin MonoManager ReloadAssembly
Symbol file LoadedFromMemory is not a mono symbol file
- Loaded All Assemblies, in  0.674 seconds
Native extension for WindowsStandalone target not found
Native extension for WebGL target not found
Package Manager log level set to [2]
[Package Manager] Server::EnsureServerProcessIsRunning -- launch failed, reason: Unity was launched with the -noUpm command-line argument
[Package Manager] UpmClient::Send -- Unable to send message (not connected to UPM process).
[Package Manager] Cannot connect to Unity Package Manager local server
Mono: successfully reloaded assembly
- Finished resetting the current domain, in  0.679 seconds
Domain Reload Profiling: 1351ms
	BeginReloadAssembly (129ms)
		ExecutionOrderSort (0ms)
		DisableScriptedObjects (4ms)
		BackupInstance (0ms)
		ReleaseScriptingObjects (0ms)
		CreateAndSetChildDomain (17ms)
	RebuildCommonClasses (29ms)
	RebuildNativeTypeToScriptingClass (9ms)
	initialDomainReloadingComplete (57ms)
	LoadAllAssembliesAndSetupDomain (447ms)
		LoadAssemblies (317ms)
		RebuildTransferFunctionScriptingTraits (0ms)
		AnalyzeDomain (210ms)
			TypeCache.Refresh (172ms)
				TypeCache.ScanAssembly (154ms)
			ScanForSourceGeneratedMonoScriptInfo (31ms)
			ResolveRequiredComponents (5ms)
	FinalizeReload (680ms)
		ReleaseScriptCaches (0ms)
		RebuildScriptCaches (0ms)
		SetupLoadedEditorAssemblies (541ms)
			LogAssemblyErrors (0ms)
			InitializePlatformSupportModulesInManaged (7ms)
			SetLoadedEditorAssemblies (4ms)
			RefreshPlugins (0ms)
			BeforeProcessingInitializeOnLoad (73ms)
			ProcessInitializeOnLoadAttributes (390ms)
			ProcessInitializeOnLoadMethodAttributes (64ms)
			AfterProcessingInitializeOnLoad (2ms)
			EditorAssembliesLoaded (0ms)
		ExecutionOrderSort2 (0ms)
		AwakeInstancesAfterBackupRestoration (6ms)
Launched and connected shader compiler UnityShaderCompiler.exe after 0.04 seconds
Refreshing native plugins compatible for Editor in 5.94 ms, found 4 plugins.
Preloading 0 native plugins for Editor in 0.00 ms.
Unloading 5838 Unused Serialized files (Serialized files now loaded: 0)
Unloading 40 unused Assets / (32.9 KB). Loaded Objects now: 6309.
Memory consumption went from 202.3 MB to 202.3 MB.
Total: 3.454300 ms (FindLiveObjects: 0.372500 ms CreateObjectMapping: 0.173800 ms MarkObjects: 2.840400 ms  DeleteObjects: 0.066300 ms)

AssetImportParameters requested are different than current active one (requested -> active):
  custom:container-demuxer-ogg: 62fdf1f143b41e24485cea50d1cbac27 -> 
  custom:video-decoder-ogg-theora: a1e56fd34408186e4bbccfd4996cb3dc -> 
  custom:framework-win-MediaFoundation: 216162199b28c13a410421893ffa2e32 -> 
  custom:CustomObjectIndexerAttribute: 9a22284fe3817be447336de3de66b15e -> 
  custom:container-demuxer-webm: 4f35f7cbe854078d1ac9338744f61a02 -> 
  custom:container-muxer-webm: aa71ff27fc2769a1b78a27578f13a17b -> 
  custom:video-decoder-webm-vp8: 9c59270c3fd7afecdb556c50c9e8de78 -> 
  custom:SearchIndexIgnoredProperties: e643bd26f0fe6173181afceb89e7c659 -> 
  custom:AudioImporter_EditorPlatform: d09bf68614088b80899f8185d706f6e7 -> 
  custom:video-encoder-webm-vp8: eb34c28f22e8b96e1ab97ce403110664 -> 
  custom:audio-decoder-ogg-vorbis: bf7c407c2cedff20999df2af8eb42d56 -> 
  custom:audio-encoder-webm-vorbis: bf7c407c2cedff20999df2af8eb42d56 -> 
========================================================================
Received Import Request.
  Time since last request: 252354.279723 seconds.
  path: Assets/Sprites/Characters/Mage 1 (Tank)/Idle/GHOSTY_IDLE_ATRASORIENTACIONDERECHA_SPRITESHEET.png
  artifactKey: Guid(cbdcebb8ca74d394eb55b56ad731e590) Importer(815301076,1909f56bfc062723c751e8b465ee728b)
Start importing Assets/Sprites/Characters/Mage 1 (Tank)/Idle/GHOSTY_IDLE_ATRASORIENTACIONDERECHA_SPRITESHEET.png using Guid(cbdcebb8ca74d394eb55b56ad731e590) Importer(815301076,1909f56bfc062723c751e8b465ee728b) [PhysX] Initialized MultithreadedTaskDispatcher with 16 workers.
[PhysX] Initialized MultithreadedTaskDispatcher with 16 workers.
 -> (artifact id: '388c169322e6f9c88fc33cc05736c386') in 0.393131 seconds
Number of updated asset objects reloaded before import = 0
Number of asset objects unloaded after import = 3
========================================================================
Received Import Request.
  Time since last request: 109.372107 seconds.
  path: Assets/Sprites/Characters/Mage 1 (Tank)/Idle/GHOSTY_IDLE_ATRAS_SPRITESHEET.png
  artifactKey: Guid(397d8ad0643413e4888029a307c62d81) Importer(815301076,1909f56bfc062723c751e8b465ee728b)
Start importing Assets/Sprites/Characters/Mage 1 (Tank)/Idle/GHOSTY_IDLE_ATRAS_SPRITESHEET.png using Guid(397d8ad0643413e4888029a307c62d81) Importer(815301076,1909f56bfc062723c751e8b465ee728b) [PhysX] Initialized MultithreadedTaskDispatcher with 16 workers.
[PhysX] Initialized MultithreadedTaskDispatcher with 16 workers.
 -> (artifact id: '4e1beffbeaf193f65c6e910f06484cd1') in 0.024167 seconds
Number of updated asset objects reloaded before import = 0
Number of asset objects unloaded after import = 3
========================================================================
Received Import Request.
  Time since last request: 5.905788 seconds.
  path: Assets/Sprites/Characters/Mage 1 (Tank)/Idle/GHOSTY_IDLE_ATRASORIENTACIONDERECHA_SPRITESHEET.png
  artifactKey: Guid(cbdcebb8ca74d394eb55b56ad731e590) Importer(815301076,1909f56bfc062723c751e8b465ee728b)
Start importing Assets/Sprites/Characters/Mage 1 (Tank)/Idle/GHOSTY_IDLE_ATRASORIENTACIONDERECHA_SPRITESHEET.png using Guid(cbdcebb8ca74d394eb55b56ad731e590) Importer(815301076,1909f56bfc062723c751e8b465ee728b) [PhysX] Initialized MultithreadedTaskDispatcher with 16 workers.
[PhysX] Initialized MultithreadedTaskDispatcher with 16 workers.
 -> (artifact id: '129f23e9fdbc5a88b72692416d629c20') in 0.016629 seconds
Number of updated asset objects reloaded before import = 0
Number of asset objects unloaded after import = 3
========================================================================
Received Import Request.
  Time since last request: 6.169547 seconds.
  path: Assets/Sprites/Characters/Mage 1 (Tank)/Idle/GHOSTY_IDLE_ATRASORIENTACIONIZQ_SPRITESHEET.png
  artifactKey: Guid(80f1138cac2fde64dab15d012505ccde) Importer(815301076,1909f56bfc062723c751e8b465ee728b)
Start importing Assets/Sprites/Characters/Mage 1 (Tank)/Idle/GHOSTY_IDLE_ATRASORIENTACIONIZQ_SPRITESHEET.png using Guid(80f1138cac2fde64dab15d012505ccde) Importer(815301076,1909f56bfc062723c751e8b465ee728b) [PhysX] Initialized MultithreadedTaskDispatcher with 16 workers.
[PhysX] Initialized MultithreadedTaskDispatcher with 16 workers.
 -> (artifact id: '3ebcf9824bb4d51fc63b80dfa978ca87') in 0.027384 seconds
Number of updated asset objects reloaded before import = 0
Number of asset objects unloaded after import = 3
========================================================================
Received Import Request.
  Time since last request: 11.392838 seconds.
  path: Assets/Sprites/Characters/Mage 1 (Tank)/Idle/GHOSTY_IDLE_FRENTE_SPRITESHEET.png
  artifactKey: Guid(12c23f8512d21ec49bf1c03ed7d623e5) Importer(815301076,1909f56bfc062723c751e8b465ee728b)
Start importing Assets/Sprites/Characters/Mage 1 (Tank)/Idle/GHOSTY_IDLE_FRENTE_SPRITESHEET.png using Guid(12c23f8512d21ec49bf1c03ed7d623e5) Importer(815301076,1909f56bfc062723c751e8b465ee728b) [PhysX] Initialized MultithreadedTaskDispatcher with 16 workers.
[PhysX] Initialized MultithreadedTaskDispatcher with 16 workers.
 -> (artifact id: 'a419f0070d7f446ab3d804bcbdc46b55') in 0.014609 seconds
Number of updated asset objects reloaded before import = 0
Number of asset objects unloaded after import = 3
========================================================================
Received Import Request.
  Time since last request: 5.954112 seconds.
  path: Assets/Sprites/Characters/Mage 1 (Tank)/Idle/GHOSTY_IDLE_FRENTEORIENTACIONDERECHA_SPRITESHEET.png
  artifactKey: Guid(0464c4c247c853a4da69e03d40bf818c) Importer(815301076,1909f56bfc062723c751e8b465ee728b)
Start importing Assets/Sprites/Characters/Mage 1 (Tank)/Idle/GHOSTY_IDLE_FRENTEORIENTACIONDERECHA_SPRITESHEET.png using Guid(0464c4c247c853a4da69e03d40bf818c) Importer(815301076,1909f56bfc062723c751e8b465ee728b) [PhysX] Initialized MultithreadedTaskDispatcher with 16 workers.
[PhysX] Initialized MultithreadedTaskDispatcher with 16 workers.
 -> (artifact id: '5877306ee1efa5331dba80bf310025f6') in 0.015643 seconds
Number of updated asset objects reloaded before import = 0
Number of asset objects unloaded after import = 3
========================================================================
Received Import Request.
  Time since last request: 7.950037 seconds.
  path: Assets/Sprites/Characters/Mage 1 (Tank)/Idle/GHOSTY_IDLE_FRENTEORIENTACIONIZQ_SPRITESHEET.png
  artifactKey: Guid(6b5a8bc45a825464ead3c93a54f9ac9b) Importer(815301076,1909f56bfc062723c751e8b465ee728b)
Start importing Assets/Sprites/Characters/Mage 1 (Tank)/Idle/GHOSTY_IDLE_FRENTEORIENTACIONIZQ_SPRITESHEET.png using Guid(6b5a8bc45a825464ead3c93a54f9ac9b) Importer(815301076,1909f56bfc062723c751e8b465ee728b) [PhysX] Initialized MultithreadedTaskDispatcher with 16 workers.
[PhysX] Initialized MultithreadedTaskDispatcher with 16 workers.
 -> (artifact id: '9bdb9117192a405b02050436e4c4e98c') in 0.015988 seconds
Number of updated asset objects reloaded before import = 0
Number of asset objects unloaded after import = 3
========================================================================
Received Import Request.
  Time since last request: 6.482906 seconds.
  path: Assets/Sprites/Characters/Mage 1 (Tank)/Idle/GHOSTY_IDLE_PERFILDERECHO_SPRITESHEET.png
  artifactKey: Guid(24a9a2307f34db442a934d1ee7e2f669) Importer(815301076,1909f56bfc062723c751e8b465ee728b)
Start importing Assets/Sprites/Characters/Mage 1 (Tank)/Idle/GHOSTY_IDLE_PERFILDERECHO_SPRITESHEET.png using Guid(24a9a2307f34db442a934d1ee7e2f669) Importer(815301076,1909f56bfc062723c751e8b465ee728b) [PhysX] Initialized MultithreadedTaskDispatcher with 16 workers.
[PhysX] Initialized MultithreadedTaskDispatcher with 16 workers.
 -> (artifact id: 'bee0993edf93e2c98ddba9f274f0dbb2') in 0.015123 seconds
Number of updated asset objects reloaded before import = 0
Number of asset objects unloaded after import = 3
========================================================================
Received Import Request.
  Time since last request: 15.282113 seconds.
  path: Assets/Sprites/Characters/Mage 1 (Tank)/Walk/GHOSTY_CAMINAR_ATRAS_SPRITESHEET.png
  artifactKey: Guid(a474c012bb3c8d04fb2ba10a29e1fcb2) Importer(815301076,1909f56bfc062723c751e8b465ee728b)
Start importing Assets/Sprites/Characters/Mage 1 (Tank)/Walk/GHOSTY_CAMINAR_ATRAS_SPRITESHEET.png using Guid(a474c012bb3c8d04fb2ba10a29e1fcb2) Importer(815301076,1909f56bfc062723c751e8b465ee728b) [PhysX] Initialized MultithreadedTaskDispatcher with 16 workers.
[PhysX] Initialized MultithreadedTaskDispatcher with 16 workers.
 -> (artifact id: '210b2d039c07eaf9e420193eef24967a') in 0.030628 seconds
Number of updated asset objects reloaded before import = 0
Number of asset objects unloaded after import = 3
========================================================================
Received Import Request.
  Time since last request: 6.605545 seconds.
  path: Assets/Sprites/Characters/Mage 1 (Tank)/Walk/GHOSTY_CAMINAR_ATRASORIENTACIONDERECHA_SPRITESHEET.png
  artifactKey: Guid(ed052f82ce92e8f4883a21ea67330281) Importer(815301076,1909f56bfc062723c751e8b465ee728b)
Start importing Assets/Sprites/Characters/Mage 1 (Tank)/Walk/GHOSTY_CAMINAR_ATRASORIENTACIONDERECHA_SPRITESHEET.png using Guid(ed052f82ce92e8f4883a21ea67330281) Importer(815301076,1909f56bfc062723c751e8b465ee728b) [PhysX] Initialized MultithreadedTaskDispatcher with 16 workers.
[PhysX] Initialized MultithreadedTaskDispatcher with 16 workers.
 -> (artifact id: '65161a5f3539d41d05bf7eda05a0c1a6') in 0.033030 seconds
Number of updated asset objects reloaded before import = 0
Number of asset objects unloaded after import = 3
========================================================================
Received Import Request.
  Time since last request: 4.468134 seconds.
  path: Assets/Sprites/Characters/Mage 1 (Tank)/Walk/GHOSTY_CAMINAR_ATRASORIENTACIONIZQ_SPRITESHEET.png
  artifactKey: Guid(93a71469e330f5e4a870e52229481522) Importer(815301076,1909f56bfc062723c751e8b465ee728b)
Start importing Assets/Sprites/Characters/Mage 1 (Tank)/Walk/GHOSTY_CAMINAR_ATRASORIENTACIONIZQ_SPRITESHEET.png using Guid(93a71469e330f5e4a870e52229481522) Importer(815301076,1909f56bfc062723c751e8b465ee728b) [PhysX] Initialized MultithreadedTaskDispatcher with 16 workers.
[PhysX] Initialized MultithreadedTaskDispatcher with 16 workers.
 -> (artifact id: 'e9def1cd64729b5021b78f30c9c39ed7') in 0.029893 seconds
Number of updated asset objects reloaded before import = 0
Number of asset objects unloaded after import = 3
========================================================================
Received Import Request.
  Time since last request: 11.872741 seconds.
  path: Assets/Sprites/Characters/Mage 1 (Tank)/Walk/GHOSTY_CAMINAR_FRENTE_SPRITESHEET.png
  artifactKey: Guid(217bc78ccfa56724ea6cb07ace16761a) Importer(815301076,1909f56bfc062723c751e8b465ee728b)
Start importing Assets/Sprites/Characters/Mage 1 (Tank)/Walk/GHOSTY_CAMINAR_FRENTE_SPRITESHEET.png using Guid(217bc78ccfa56724ea6cb07ace16761a) Importer(815301076,1909f56bfc062723c751e8b465ee728b) [PhysX] Initialized MultithreadedTaskDispatcher with 16 workers.
[PhysX] Initialized MultithreadedTaskDispatcher with 16 workers.
 -> (artifact id: 'c5608957596943ea3d096150384b1f2e') in 0.030853 seconds
Number of updated asset objects reloaded before import = 0
Number of asset objects unloaded after import = 3
========================================================================
Received Import Request.
  Time since last request: 9.191155 seconds.
  path: Assets/Sprites/Characters/Mage 1 (Tank)/Walk/GHOSTY_CAMINAR_FRENTEORIENTACIONDERECHA_SPRITESHEET.png
  artifactKey: Guid(d041e08782fe5de4298edc0343826692) Importer(815301076,1909f56bfc062723c751e8b465ee728b)
Start importing Assets/Sprites/Characters/Mage 1 (Tank)/Walk/GHOSTY_CAMINAR_FRENTEORIENTACIONDERECHA_SPRITESHEET.png using Guid(d041e08782fe5de4298edc0343826692) Importer(815301076,1909f56bfc062723c751e8b465ee728b) [PhysX] Initialized MultithreadedTaskDispatcher with 16 workers.
[PhysX] Initialized MultithreadedTaskDispatcher with 16 workers.
 -> (artifact id: '6c3673c4aa249e88095864e5779099e5') in 0.030046 seconds
Number of updated asset objects reloaded before import = 0
Number of asset objects unloaded after import = 3
========================================================================
Received Import Request.
  Time since last request: 6.340939 seconds.
  path: Assets/Sprites/Characters/Mage 1 (Tank)/Walk/GHOSTY_CAMINAR_FRENTEORIENTACIONIZQ_SPRITESHEET.png
  artifactKey: Guid(442f85df9070aff47933d5aff996f6d1) Importer(815301076,1909f56bfc062723c751e8b465ee728b)
Start importing Assets/Sprites/Characters/Mage 1 (Tank)/Walk/GHOSTY_CAMINAR_FRENTEORIENTACIONIZQ_SPRITESHEET.png using Guid(442f85df9070aff47933d5aff996f6d1) Importer(815301076,1909f56bfc062723c751e8b465ee728b) [PhysX] Initialized MultithreadedTaskDispatcher with 16 workers.
[PhysX] Initialized MultithreadedTaskDispatcher with 16 workers.
 -> (artifact id: '9498b18e62ac600337603e0c31a7eb5e') in 0.029732 seconds
Number of updated asset objects reloaded before import = 0
Number of asset objects unloaded after import = 3
========================================================================
Received Import Request.
  Time since last request: 5.007552 seconds.
  path: Assets/Sprites/Characters/Mage 1 (Tank)/Walk/GHOSTY_CAMINAR_PERFILDERECHO_SPRITESHEET.png
  artifactKey: Guid(78e551a0f727ba040a4618c5133210b8) Importer(815301076,1909f56bfc062723c751e8b465ee728b)
Start importing Assets/Sprites/Characters/Mage 1 (Tank)/Walk/GHOSTY_CAMINAR_PERFILDERECHO_SPRITESHEET.png using Guid(78e551a0f727ba040a4618c5133210b8) Importer(815301076,1909f56bfc062723c751e8b465ee728b) [PhysX] Initialized MultithreadedTaskDispatcher with 16 workers.
[PhysX] Initialized MultithreadedTaskDispatcher with 16 workers.
 -> (artifact id: '9c8c763df48f20e11a2689d41cbbe966') in 0.020361 seconds
Number of updated asset objects reloaded before import = 0
Number of asset objects unloaded after import = 3
========================================================================
Received Import Request.
  Time since last request: 4.947386 seconds.
  path: Assets/Sprites/Characters/Mage 1 (Tank)/Walk/GHOSTY_CAMINAR_PERFILIZQ_SPRITESHEET.png
  artifactKey: Guid(b936057bd31c8474784054f71394bfea) Importer(815301076,1909f56bfc062723c751e8b465ee728b)
Start importing Assets/Sprites/Characters/Mage 1 (Tank)/Walk/GHOSTY_CAMINAR_PERFILIZQ_SPRITESHEET.png using Guid(b936057bd31c8474784054f71394bfea) Importer(815301076,1909f56bfc062723c751e8b465ee728b) [PhysX] Initialized MultithreadedTaskDispatcher with 16 workers.
[PhysX] Initialized MultithreadedTaskDispatcher with 16 workers.
 -> (artifact id: '432b74661b6fc97807f9747505e89ce0') in 0.027867 seconds
Number of updated asset objects reloaded before import = 0
Number of asset objects unloaded after import = 3
========================================================================
Received Import Request.
  Time since last request: 151.214496 seconds.
  path: Assets/Sprites/Characters/Mage 1 (Tank)/Walk/GHOSTY_CAMINAR_ATRAS_SPRITESHEET.png
  artifactKey: Guid(a474c012bb3c8d04fb2ba10a29e1fcb2) Importer(815301076,1909f56bfc062723c751e8b465ee728b)
Start importing Assets/Sprites/Characters/Mage 1 (Tank)/Walk/GHOSTY_CAMINAR_ATRAS_SPRITESHEET.png using Guid(a474c012bb3c8d04fb2ba10a29e1fcb2) Importer(815301076,1909f56bfc062723c751e8b465ee728b) [PhysX] Initialized MultithreadedTaskDispatcher with 16 workers.
[PhysX] Initialized MultithreadedTaskDispatcher with 16 workers.
 -> (artifact id: 'aef1d24b4009bc145488e8276a2ab7e3') in 0.033980 seconds
Number of updated asset objects reloaded before import = 0
Number of asset objects unloaded after import = 2
========================================================================
Received Import Request.
  Time since last request: 25.901336 seconds.
  path: Assets/Sprites/Characters/Mage 1 (Tank)/Walk/GHOSTY_CAMINAR_ATRAS_SPRITESHEET.png
  artifactKey: Guid(a474c012bb3c8d04fb2ba10a29e1fcb2) Importer(815301076,1909f56bfc062723c751e8b465ee728b)
Start importing Assets/Sprites/Characters/Mage 1 (Tank)/Walk/GHOSTY_CAMINAR_ATRAS_SPRITESHEET.png using Guid(a474c012bb3c8d04fb2ba10a29e1fcb2) Importer(815301076,1909f56bfc062723c751e8b465ee728b) [PhysX] Initialized MultithreadedTaskDispatcher with 16 workers.
[PhysX] Initialized MultithreadedTaskDispatcher with 16 workers.
 -> (artifact id: 'e371685939ddbbc920727b88d3153f19') in 0.061307 seconds
Number of updated asset objects reloaded before import = 0
Number of asset objects unloaded after import = 22
========================================================================
Received Import Request.
  Time since last request: 10.808557 seconds.
  path: Assets/Sprites/Characters/Mage 1 (Tank)/Walk/GHOSTY_CAMINAR_ATRASORIENTACIONDERECHA_SPRITESHEET.png
  artifactKey: Guid(ed052f82ce92e8f4883a21ea67330281) Importer(815301076,1909f56bfc062723c751e8b465ee728b)
Start importing Assets/Sprites/Characters/Mage 1 (Tank)/Walk/GHOSTY_CAMINAR_ATRASORIENTACIONDERECHA_SPRITESHEET.png using Guid(ed052f82ce92e8f4883a21ea67330281) Importer(815301076,1909f56bfc062723c751e8b465ee728b) [PhysX] Initialized MultithreadedTaskDispatcher with 16 workers.
[PhysX] Initialized MultithreadedTaskDispatcher with 16 workers.
 -> (artifact id: '83a7b4137ce31e5221254a3ad46cbc2a') in 0.036250 seconds
Number of updated asset objects reloaded before import = 0
Number of asset objects unloaded after import = 2
========================================================================
Received Import Request.
  Time since last request: 13.986279 seconds.
  path: Assets/Sprites/Characters/Mage 1 (Tank)/Walk/GHOSTY_CAMINAR_ATRASORIENTACIONDERECHA_SPRITESHEET.png
  artifactKey: Guid(ed052f82ce92e8f4883a21ea67330281) Importer(815301076,1909f56bfc062723c751e8b465ee728b)
Start importing Assets/Sprites/Characters/Mage 1 (Tank)/Walk/GHOSTY_CAMINAR_ATRASORIENTACIONDERECHA_SPRITESHEET.png using Guid(ed052f82ce92e8f4883a21ea67330281) Importer(815301076,1909f56bfc062723c751e8b465ee728b) [PhysX] Initialized MultithreadedTaskDispatcher with 16 workers.
[PhysX] Initialized MultithreadedTaskDispatcher with 16 workers.
 -> (artifact id: '3d0ad58436aed288d314a92d08256bc9') in 0.093630 seconds
Number of updated asset objects reloaded before import = 0
Number of asset objects unloaded after import = 22
========================================================================
Received Import Request.
  Time since last request: 7.742895 seconds.
  path: Assets/Sprites/Characters/Mage 1 (Tank)/Walk/GHOSTY_CAMINAR_ATRASORIENTACIONIZQ_SPRITESHEET.png
  artifactKey: Guid(93a71469e330f5e4a870e52229481522) Importer(815301076,1909f56bfc062723c751e8b465ee728b)
Start importing Assets/Sprites/Characters/Mage 1 (Tank)/Walk/GHOSTY_CAMINAR_ATRASORIENTACIONIZQ_SPRITESHEET.png using Guid(93a71469e330f5e4a870e52229481522) Importer(815301076,1909f56bfc062723c751e8b465ee728b) [PhysX] Initialized MultithreadedTaskDispatcher with 16 workers.
[PhysX] Initialized MultithreadedTaskDispatcher with 16 workers.
 -> (artifact id: '35fbc4a375efb85f224c101582f0dcde') in 0.031059 seconds
Number of updated asset objects reloaded before import = 0
Number of asset objects unloaded after import = 2
========================================================================
Received Import Request.
  Time since last request: 247.861753 seconds.
  path: Assets/Sprites/Characters/Mage 1 (Tank)/Walk/GHOSTY_CAMINAR_ATRASORIENTACIONIZQ_SPRITESHEET.png
  artifactKey: Guid(93a71469e330f5e4a870e52229481522) Importer(815301076,1909f56bfc062723c751e8b465ee728b)
Start importing Assets/Sprites/Characters/Mage 1 (Tank)/Walk/GHOSTY_CAMINAR_ATRASORIENTACIONIZQ_SPRITESHEET.png using Guid(93a71469e330f5e4a870e52229481522) Importer(815301076,1909f56bfc062723c751e8b465ee728b) [PhysX] Initialized MultithreadedTaskDispatcher with 16 workers.
[PhysX] Initialized MultithreadedTaskDispatcher with 16 workers.
 -> (artifact id: 'c9ec358de3000f080f0ee927707295c4') in 0.109678 seconds
Number of updated asset objects reloaded before import = 0
Number of asset objects unloaded after import = 22
========================================================================
Received Import Request.
  Time since last request: 7.548951 seconds.
  path: Assets/Sprites/Characters/Mage 1 (Tank)/Walk/GHOSTY_CAMINAR_FRENTE_SPRITESHEET.png
  artifactKey: Guid(217bc78ccfa56724ea6cb07ace16761a) Importer(815301076,1909f56bfc062723c751e8b465ee728b)
Start importing Assets/Sprites/Characters/Mage 1 (Tank)/Walk/GHOSTY_CAMINAR_FRENTE_SPRITESHEET.png using Guid(217bc78ccfa56724ea6cb07ace16761a) Importer(815301076,1909f56bfc062723c751e8b465ee728b) [PhysX] Initialized MultithreadedTaskDispatcher with 16 workers.
[PhysX] Initialized MultithreadedTaskDispatcher with 16 workers.
 -> (artifact id: '138f099dd6803af76518f20bc8477944') in 0.029688 seconds
Number of updated asset objects reloaded before import = 0
Number of asset objects unloaded after import = 2
========================================================================
Received Import Request.
  Time since last request: 9.917970 seconds.
  path: Assets/Sprites/Characters/Mage 1 (Tank)/Walk/GHOSTY_CAMINAR_FRENTE_SPRITESHEET.png
  artifactKey: Guid(217bc78ccfa56724ea6cb07ace16761a) Importer(815301076,1909f56bfc062723c751e8b465ee728b)
Start importing Assets/Sprites/Characters/Mage 1 (Tank)/Walk/GHOSTY_CAMINAR_FRENTE_SPRITESHEET.png using Guid(217bc78ccfa56724ea6cb07ace16761a) Importer(815301076,1909f56bfc062723c751e8b465ee728b) [PhysX] Initialized MultithreadedTaskDispatcher with 16 workers.
[PhysX] Initialized MultithreadedTaskDispatcher with 16 workers.
 -> (artifact id: '6c804599a0416de4b6d1e2f21f92ff62') in 0.060771 seconds
Number of updated asset objects reloaded before import = 0
Number of asset objects unloaded after import = 22
========================================================================
Received Import Request.
  Time since last request: 9.417205 seconds.
  path: Assets/Sprites/Characters/Mage 1 (Tank)/Walk/GHOSTY_CAMINAR_FRENTEORIENTACIONDERECHA_SPRITESHEET.png
  artifactKey: Guid(d041e08782fe5de4298edc0343826692) Importer(815301076,1909f56bfc062723c751e8b465ee728b)
Start importing Assets/Sprites/Characters/Mage 1 (Tank)/Walk/GHOSTY_CAMINAR_FRENTEORIENTACIONDERECHA_SPRITESHEET.png using Guid(d041e08782fe5de4298edc0343826692) Importer(815301076,1909f56bfc062723c751e8b465ee728b) [PhysX] Initialized MultithreadedTaskDispatcher with 16 workers.
[PhysX] Initialized MultithreadedTaskDispatcher with 16 workers.
 -> (artifact id: 'eb915dd80e75332ab01f20de70c9d4b5') in 0.031074 seconds
Number of updated asset objects reloaded before import = 0
Number of asset objects unloaded after import = 2
========================================================================
Received Import Request.
  Time since last request: 13.261466 seconds.
  path: Assets/Sprites/Characters/Mage 1 (Tank)/Walk/GHOSTY_CAMINAR_FRENTEORIENTACIONDERECHA_SPRITESHEET.png
  artifactKey: Guid(d041e08782fe5de4298edc0343826692) Importer(815301076,1909f56bfc062723c751e8b465ee728b)
Start importing Assets/Sprites/Characters/Mage 1 (Tank)/Walk/GHOSTY_CAMINAR_FRENTEORIENTACIONDERECHA_SPRITESHEET.png using Guid(d041e08782fe5de4298edc0343826692) Importer(815301076,1909f56bfc062723c751e8b465ee728b) [PhysX] Initialized MultithreadedTaskDispatcher with 16 workers.
[PhysX] Initialized MultithreadedTaskDispatcher with 16 workers.
 -> (artifact id: 'cace3bc95ddb3e028aac004a06c6a602') in 0.084398 seconds
Number of updated asset objects reloaded before import = 0
Number of asset objects unloaded after import = 22
========================================================================
Received Import Request.
  Time since last request: 6.894117 seconds.
  path: Assets/Sprites/Characters/Mage 1 (Tank)/Walk/GHOSTY_CAMINAR_FRENTEORIENTACIONIZQ_SPRITESHEET.png
  artifactKey: Guid(442f85df9070aff47933d5aff996f6d1) Importer(815301076,1909f56bfc062723c751e8b465ee728b)
Start importing Assets/Sprites/Characters/Mage 1 (Tank)/Walk/GHOSTY_CAMINAR_FRENTEORIENTACIONIZQ_SPRITESHEET.png using Guid(442f85df9070aff47933d5aff996f6d1) Importer(815301076,1909f56bfc062723c751e8b465ee728b) [PhysX] Initialized MultithreadedTaskDispatcher with 16 workers.
[PhysX] Initialized MultithreadedTaskDispatcher with 16 workers.
 -> (artifact id: '129eddaf405815edbf91fe390c150ee6') in 0.029788 seconds
Number of updated asset objects reloaded before import = 0
Number of asset objects unloaded after import = 2
========================================================================
Received Import Request.
  Time since last request: 10.711567 seconds.
  path: Assets/Sprites/Characters/Mage 1 (Tank)/Walk/GHOSTY_CAMINAR_FRENTEORIENTACIONIZQ_SPRITESHEET.png
  artifactKey: Guid(442f85df9070aff47933d5aff996f6d1) Importer(815301076,1909f56bfc062723c751e8b465ee728b)
Start importing Assets/Sprites/Characters/Mage 1 (Tank)/Walk/GHOSTY_CAMINAR_FRENTEORIENTACIONIZQ_SPRITESHEET.png using Guid(442f85df9070aff47933d5aff996f6d1) Importer(815301076,1909f56bfc062723c751e8b465ee728b) [PhysX] Initialized MultithreadedTaskDispatcher with 16 workers.
[PhysX] Initialized MultithreadedTaskDispatcher with 16 workers.
 -> (artifact id: '15a45c885eb2c97b006869677ce22394') in 0.068391 seconds
Number of updated asset objects reloaded before import = 0
Number of asset objects unloaded after import = 22
========================================================================
Received Import Request.
  Time since last request: 14.280422 seconds.
  path: Assets/Sprites/Characters/Mage 1 (Tank)/Walk/GHOSTY_CAMINAR_PERFILDERECHO_SPRITESHEET.png
  artifactKey: Guid(78e551a0f727ba040a4618c5133210b8) Importer(815301076,1909f56bfc062723c751e8b465ee728b)
Start importing Assets/Sprites/Characters/Mage 1 (Tank)/Walk/GHOSTY_CAMINAR_PERFILDERECHO_SPRITESHEET.png using Guid(78e551a0f727ba040a4618c5133210b8) Importer(815301076,1909f56bfc062723c751e8b465ee728b) [PhysX] Initialized MultithreadedTaskDispatcher with 16 workers.
[PhysX] Initialized MultithreadedTaskDispatcher with 16 workers.
 -> (artifact id: '45d54824f20389acfc8bf54596fa7e06') in 0.031551 seconds
Number of updated asset objects reloaded before import = 0
Number of asset objects unloaded after import = 2
========================================================================
Received Import Request.
  Time since last request: 9.485105 seconds.
  path: Assets/Sprites/Characters/Mage 1 (Tank)/Walk/GHOSTY_CAMINAR_PERFILDERECHO_SPRITESHEET.png
  artifactKey: Guid(78e551a0f727ba040a4618c5133210b8) Importer(815301076,1909f56bfc062723c751e8b465ee728b)
Start importing Assets/Sprites/Characters/Mage 1 (Tank)/Walk/GHOSTY_CAMINAR_PERFILDERECHO_SPRITESHEET.png using Guid(78e551a0f727ba040a4618c5133210b8) Importer(815301076,1909f56bfc062723c751e8b465ee728b) [PhysX] Initialized MultithreadedTaskDispatcher with 16 workers.
[PhysX] Initialized MultithreadedTaskDispatcher with 16 workers.
 -> (artifact id: '6b6b9dabaf0bc6dc851e2f0c928729cc') in 0.064804 seconds
Number of updated asset objects reloaded before import = 0
Number of asset objects unloaded after import = 22
========================================================================
Received Import Request.
  Time since last request: 6.599440 seconds.
  path: Assets/Sprites/Characters/Mage 1 (Tank)/Walk/GHOSTY_CAMINAR_PERFILIZQ_SPRITESHEET.png
  artifactKey: Guid(b936057bd31c8474784054f71394bfea) Importer(815301076,1909f56bfc062723c751e8b465ee728b)
Start importing Assets/Sprites/Characters/Mage 1 (Tank)/Walk/GHOSTY_CAMINAR_PERFILIZQ_SPRITESHEET.png using Guid(b936057bd31c8474784054f71394bfea) Importer(815301076,1909f56bfc062723c751e8b465ee728b) [PhysX] Initialized MultithreadedTaskDispatcher with 16 workers.
[PhysX] Initialized MultithreadedTaskDispatcher with 16 workers.
 -> (artifact id: '92fb34c9b43b8ae090ea47565d30ad7b') in 0.023710 seconds
Number of updated asset objects reloaded before import = 0
Number of asset objects unloaded after import = 2
========================================================================
Received Import Request.
  Time since last request: 9.487910 seconds.
  path: Assets/Sprites/Characters/Mage 1 (Tank)/Walk/GHOSTY_CAMINAR_PERFILIZQ_SPRITESHEET.png
  artifactKey: Guid(b936057bd31c8474784054f71394bfea) Importer(815301076,1909f56bfc062723c751e8b465ee728b)
Start importing Assets/Sprites/Characters/Mage 1 (Tank)/Walk/GHOSTY_CAMINAR_PERFILIZQ_SPRITESHEET.png using Guid(b936057bd31c8474784054f71394bfea) Importer(815301076,1909f56bfc062723c751e8b465ee728b) [PhysX] Initialized MultithreadedTaskDispatcher with 16 workers.
[PhysX] Initialized MultithreadedTaskDispatcher with 16 workers.
 -> (artifact id: '339350e8990820eca4d6f9e6fc5ee753') in 0.097046 seconds
Number of updated asset objects reloaded before import = 0
Number of asset objects unloaded after import = 22
========================================================================
Received Import Request.
  Time since last request: 81.547445 seconds.
  path: Assets/Animations/Mage 1/Player 1.controller
  artifactKey: Guid(1e7448effb6e2834b823f3c7bcb429d2) Importer(815301076,1909f56bfc062723c751e8b465ee728b)
Start importing Assets/Animations/Mage 1/Player 1.controller using Guid(1e7448effb6e2834b823f3c7bcb429d2) Importer(815301076,1909f56bfc062723c751e8b465ee728b) [PhysX] Initialized MultithreadedTaskDispatcher with 16 workers.
 -> (artifact id: '9e1d619113be5afada13bef83eaead8c') in 0.001796 seconds
Number of updated asset objects reloaded before import = 0
Number of asset objects unloaded after import = 1
========================================================================
Received Import Request.
  Time since last request: 39.371578 seconds.
  path: Assets/Animations/Mage 1/Walk/W.anim
  artifactKey: Guid(104e502f983c30f448c8af206027a206) Importer(815301076,1909f56bfc062723c751e8b465ee728b)
Start importing Assets/Animations/Mage 1/Walk/W.anim using Guid(104e502f983c30f448c8af206027a206) Importer(815301076,1909f56bfc062723c751e8b465ee728b) [PhysX] Initialized MultithreadedTaskDispatcher with 16 workers.
 -> (artifact id: '5f89d74da2f780913ab38f5211de60f9') in 0.001154 seconds
Number of updated asset objects reloaded before import = 0
Number of asset objects unloaded after import = 1
========================================================================
Received Import Request.
  Time since last request: 5.441043 seconds.
  path: Assets/Animations/Mage 2/Walk/Walk34FMage2.anim
  artifactKey: Guid(e2f38eb387f9fd4409044b2a369d67f0) Importer(815301076,1909f56bfc062723c751e8b465ee728b)
Start importing Assets/Animations/Mage 2/Walk/Walk34FMage2.anim using Guid(e2f38eb387f9fd4409044b2a369d67f0) Importer(815301076,1909f56bfc062723c751e8b465ee728b) [PhysX] Initialized MultithreadedTaskDispatcher with 16 workers.
 -> (artifact id: '35eaf4c798a097a3a3118f3bbc99fad5') in 0.014313 seconds
Number of updated asset objects reloaded before import = 0
Number of asset objects unloaded after import = 1
========================================================================
Received Import Request.
  Time since last request: 211.012984 seconds.
  path: Assets/Prefabs/Arrow.prefab
  artifactKey: Guid(6e64f0e427807e94483ebf0fa4f8218d) Importer(815301076,1909f56bfc062723c751e8b465ee728b)
Start importing Assets/Prefabs/Arrow.prefab using Guid(6e64f0e427807e94483ebf0fa4f8218d) Importer(815301076,1909f56bfc062723c751e8b465ee728b) [PhysX] Initialized MultithreadedTaskDispatcher with 16 workers.
[PhysX] Initialized MultithreadedTaskDispatcher with 16 workers.
 -> (artifact id: 'a728f5293999aa5473fb4847f7aade76') in 0.063663 seconds
Number of updated asset objects reloaded before import = 0
Number of asset objects unloaded after import = 20
========================================================================
Received Prepare
Caller must complete domain reload
Begin MonoManager ReloadAssembly
Symbol file LoadedFromMemory is not a mono symbol file
- Loaded All Assemblies, in  1.961 seconds
Native extension for WindowsStandalone target not found
Native extension for WebGL target not found
[Package Manager] Server::EnsureServerProcessIsRunning -- launch failed, reason: Unity was launched with the -noUpm command-line argument
[Package Manager] UpmClient::Send -- Unable to send message (not connected to UPM process).
[Package Manager] Cannot connect to Unity Package Manager local server
Mono: successfully reloaded assembly
- Finished resetting the current domain, in  0.618 seconds
Domain Reload Profiling: 2578ms
	BeginReloadAssembly (1199ms)
		ExecutionOrderSort (0ms)
		DisableScriptedObjects (1050ms)
		BackupInstance (0ms)
		ReleaseScriptingObjects (0ms)
		CreateAndSetChildDomain (40ms)
	RebuildCommonClasses (26ms)
	RebuildNativeTypeToScriptingClass (8ms)
	initialDomainReloadingComplete (43ms)
	LoadAllAssembliesAndSetupDomain (683ms)
		LoadAssemblies (749ms)
		RebuildTransferFunctionScriptingTraits (0ms)
		AnalyzeDomain (14ms)
			TypeCache.Refresh (6ms)
				TypeCache.ScanAssembly (0ms)
			ScanForSourceGeneratedMonoScriptInfo (0ms)
			ResolveRequiredComponents (7ms)
	FinalizeReload (618ms)
		ReleaseScriptCaches (0ms)
		RebuildScriptCaches (0ms)
		SetupLoadedEditorAssemblies (472ms)
			LogAssemblyErrors (0ms)
			InitializePlatformSupportModulesInManaged (6ms)
			SetLoadedEditorAssemblies (3ms)
			RefreshPlugins (0ms)
			BeforeProcessingInitializeOnLoad (68ms)
			ProcessInitializeOnLoadAttributes (336ms)
			ProcessInitializeOnLoadMethodAttributes (56ms)
			AfterProcessingInitializeOnLoad (2ms)
			EditorAssembliesLoaded (1ms)
		ExecutionOrderSort2 (0ms)
		AwakeInstancesAfterBackupRestoration (10ms)
Refreshing native plugins compatible for Editor in 7.62 ms, found 4 plugins.
Preloading 0 native plugins for Editor in 0.00 ms.
Unloading 5812 Unused Serialized files (Serialized files now loaded: 0)
Unloading 26 unused Assets / (34.2 KB). Loaded Objects now: 6408.
Memory consumption went from 209.1 MB to 209.1 MB.
Total: 3.842300 ms (FindLiveObjects: 0.403800 ms CreateObjectMapping: 0.182400 ms MarkObjects: 3.207100 ms  DeleteObjects: 0.048200 ms)

Prepare: number of updated asset objects reloaded= 0
AssetImportParameters requested are different than current active one (requested -> active):
  custom:container-demuxer-ogg: 62fdf1f143b41e24485cea50d1cbac27 -> 
  custom:video-decoder-ogg-theora: a1e56fd34408186e4bbccfd4996cb3dc -> 
  custom:framework-win-MediaFoundation: 216162199b28c13a410421893ffa2e32 -> 
  custom:CustomObjectIndexerAttribute: 9a22284fe3817be447336de3de66b15e -> 
  custom:container-demuxer-webm: 4f35f7cbe854078d1ac9338744f61a02 -> 
  custom:container-muxer-webm: aa71ff27fc2769a1b78a27578f13a17b -> 
  custom:video-decoder-webm-vp8: 9c59270c3fd7afecdb556c50c9e8de78 -> 
  custom:SearchIndexIgnoredProperties: e643bd26f0fe6173181afceb89e7c659 -> 
  custom:AudioImporter_EditorPlatform: d09bf68614088b80899f8185d706f6e7 -> 
  custom:video-encoder-webm-vp8: eb34c28f22e8b96e1ab97ce403110664 -> 
  custom:audio-decoder-ogg-vorbis: bf7c407c2cedff20999df2af8eb42d56 -> 
  custom:audio-encoder-webm-vorbis: bf7c407c2cedff20999df2af8eb42d56 -> 
========================================================================
Received Import Request.
  Time since last request: 757.296646 seconds.
  path: Assets/Sprites/Characters/Mage 1 (Tank)/Idle/GHOSTY_IDLE_PERFILIZQ_SPRITESHEET.png
  artifactKey: Guid(5b7ac11a36211604faf56c91fb213c3a) Importer(815301076,1909f56bfc062723c751e8b465ee728b)
Start importing Assets/Sprites/Characters/Mage 1 (Tank)/Idle/GHOSTY_IDLE_PERFILIZQ_SPRITESHEET.png using Guid(5b7ac11a36211604faf56c91fb213c3a) Importer(815301076,1909f56bfc062723c751e8b465ee728b) [PhysX] Initialized MultithreadedTaskDispatcher with 16 workers.
[PhysX] Initialized MultithreadedTaskDispatcher with 16 workers.
 -> (artifact id: 'f70c11d270ad45ae747e896afbb48518') in 0.077461 seconds
Number of updated asset objects reloaded before import = 0
Number of asset objects unloaded after import = 3
========================================================================
Received Import Request.
  Time since last request: 45.987928 seconds.
  path: Assets/Animations/Mage 1/Player 1.controller
  artifactKey: Guid(1e7448effb6e2834b823f3c7bcb429d2) Importer(815301076,1909f56bfc062723c751e8b465ee728b)
Start importing Assets/Animations/Mage 1/Player 1.controller using Guid(1e7448effb6e2834b823f3c7bcb429d2) Importer(815301076,1909f56bfc062723c751e8b465ee728b) [PhysX] Initialized MultithreadedTaskDispatcher with 16 workers.
 -> (artifact id: 'd00db34fea28af75a00149939c002533') in 0.003101 seconds
Number of updated asset objects reloaded before import = 0
Number of asset objects unloaded after import = 8
========================================================================
Received Import Request.
  Time since last request: 108.571151 seconds.
  path: Assets/Prefabs/Player.prefab
  artifactKey: Guid(dc05fb8865b246b4c9e7570ce0146816) Importer(815301076,1909f56bfc062723c751e8b465ee728b)
Start importing Assets/Prefabs/Player.prefab using Guid(dc05fb8865b246b4c9e7570ce0146816) Importer(815301076,1909f56bfc062723c751e8b465ee728b) [PhysX] Initialized MultithreadedTaskDispatcher with 16 workers.
 -> (artifact id: 'f5a5d5b62031dbaf21100c71ce451b38') in 0.000660 seconds
Number of updated asset objects reloaded before import = 0
Number of asset objects unloaded after import = 0
========================================================================
Received Import Request.
  Time since last request: 4.715843 seconds.
  path: Assets/Scenes/Lobby2.unity
  artifactKey: Guid(b57a2504d18368d449c5305092f9a9f4) Importer(815301076,1909f56bfc062723c751e8b465ee728b)
Start importing Assets/Scenes/Lobby2.unity using Guid(b57a2504d18368d449c5305092f9a9f4) Importer(815301076,1909f56bfc062723c751e8b465ee728b) [PhysX] Initialized MultithreadedTaskDispatcher with 16 workers.
 -> (artifact id: '0fd6b6f513c5b9b79ce52ca478b2725b') in 0.000386 seconds
Number of updated asset objects reloaded before import = 0
Number of asset objects unloaded after import = 0
========================================================================
Received Import Request.
  Time since last request: 15.505541 seconds.
  path: Assets/Animations/Mage 1/Player 1.controller
  artifactKey: Guid(1e7448effb6e2834b823f3c7bcb429d2) Importer(815301076,1909f56bfc062723c751e8b465ee728b)
Start importing Assets/Animations/Mage 1/Player 1.controller using Guid(1e7448effb6e2834b823f3c7bcb429d2) Importer(815301076,1909f56bfc062723c751e8b465ee728b) [PhysX] Initialized MultithreadedTaskDispatcher with 16 workers.
 -> (artifact id: 'bc7644b8edf4613c3d39b43e274e69dc') in 0.000869 seconds
Number of updated asset objects reloaded before import = 0
Number of asset objects unloaded after import = 4
========================================================================
Received Import Request.
  Time since last request: 190.884332 seconds.
  path: Assets/Animations/Mage 1/Walk/FrenteDerecha.anim
  artifactKey: Guid(bf78ee5bab1b168409e45799ddab6bef) Importer(815301076,1909f56bfc062723c751e8b465ee728b)
Start importing Assets/Animations/Mage 1/Walk/FrenteDerecha.anim using Guid(bf78ee5bab1b168409e45799ddab6bef) Importer(815301076,1909f56bfc062723c751e8b465ee728b) [PhysX] Initialized MultithreadedTaskDispatcher with 16 workers.
 -> (artifact id: '4f9bf47ade53744871ba6792d480bf57') in 0.001160 seconds
Number of updated asset objects reloaded before import = 0
Number of asset objects unloaded after import = 1
========================================================================
Received Import Request.
  Time since last request: 65.190743 seconds.
  path: Assets/Prefabs/Player.prefab
  artifactKey: Guid(dc05fb8865b246b4c9e7570ce0146816) Importer(815301076,1909f56bfc062723c751e8b465ee728b)
Start importing Assets/Prefabs/Player.prefab using Guid(dc05fb8865b246b4c9e7570ce0146816) Importer(815301076,1909f56bfc062723c751e8b465ee728b) [PhysX] Initialized MultithreadedTaskDispatcher with 16 workers.
 -> (artifact id: 'f5a5d5b62031dbaf21100c71ce451b38') in 0.000524 seconds
Number of updated asset objects reloaded before import = 0
Number of asset objects unloaded after import = 0
========================================================================
Received Prepare
Caller must complete domain reload
Begin MonoManager ReloadAssembly
Symbol file LoadedFromMemory is not a mono symbol file
- Loaded All Assemblies, in  0.462 seconds
Native extension for WindowsStandalone target not found
Native extension for WebGL target not found
[Package Manager] Server::EnsureServerProcessIsRunning -- launch failed, reason: Unity was launched with the -noUpm command-line argument
[Package Manager] UpmClient::Send -- Unable to send message (not connected to UPM process).
[Package Manager] Cannot connect to Unity Package Manager local server
Mono: successfully reloaded assembly
- Finished resetting the current domain, in  0.969 seconds
Domain Reload Profiling: 1429ms
	BeginReloadAssembly (152ms)
		ExecutionOrderSort (0ms)
		DisableScriptedObjects (8ms)
		BackupInstance (0ms)
		ReleaseScriptingObjects (0ms)
		CreateAndSetChildDomain (32ms)
	RebuildCommonClasses (33ms)
	RebuildNativeTypeToScriptingClass (8ms)
	initialDomainReloadingComplete (42ms)
	LoadAllAssembliesAndSetupDomain (225ms)
		LoadAssemblies (297ms)
		RebuildTransferFunctionScriptingTraits (0ms)
		AnalyzeDomain (12ms)
			TypeCache.Refresh (6ms)
				TypeCache.ScanAssembly (0ms)
			ScanForSourceGeneratedMonoScriptInfo (0ms)
			ResolveRequiredComponents (5ms)
	FinalizeReload (969ms)
		ReleaseScriptCaches (0ms)
		RebuildScriptCaches (0ms)
		SetupLoadedEditorAssemblies (454ms)
			LogAssemblyErrors (0ms)
			InitializePlatformSupportModulesInManaged (7ms)
			SetLoadedEditorAssemblies (3ms)
			RefreshPlugins (0ms)
			BeforeProcessingInitializeOnLoad (67ms)
			ProcessInitializeOnLoadAttributes (319ms)
			ProcessInitializeOnLoadMethodAttributes (55ms)
			AfterProcessingInitializeOnLoad (2ms)
			EditorAssembliesLoaded (1ms)
		ExecutionOrderSort2 (0ms)
		AwakeInstancesAfterBackupRestoration (9ms)
Refreshing native plugins compatible for Editor in 5.97 ms, found 4 plugins.
Preloading 0 native plugins for Editor in 0.00 ms.
Unloading 5812 Unused Serialized files (Serialized files now loaded: 0)
Unloading 26 unused Assets / (34.3 KB). Loaded Objects now: 6414.
Memory consumption went from 209.1 MB to 209.1 MB.
Total: 3.213200 ms (FindLiveObjects: 0.337100 ms CreateObjectMapping: 0.191700 ms MarkObjects: 2.628800 ms  DeleteObjects: 0.054800 ms)

Prepare: number of updated asset objects reloaded= 0
AssetImportParameters requested are different than current active one (requested -> active):
  custom:container-demuxer-ogg: 62fdf1f143b41e24485cea50d1cbac27 -> 
  custom:video-decoder-ogg-theora: a1e56fd34408186e4bbccfd4996cb3dc -> 
  custom:framework-win-MediaFoundation: 216162199b28c13a410421893ffa2e32 -> 
  custom:CustomObjectIndexerAttribute: 9a22284fe3817be447336de3de66b15e -> 
  custom:container-demuxer-webm: 4f35f7cbe854078d1ac9338744f61a02 -> 
  custom:container-muxer-webm: aa71ff27fc2769a1b78a27578f13a17b -> 
  custom:video-decoder-webm-vp8: 9c59270c3fd7afecdb556c50c9e8de78 -> 
  custom:SearchIndexIgnoredProperties: e643bd26f0fe6173181afceb89e7c659 -> 
  custom:AudioImporter_EditorPlatform: d09bf68614088b80899f8185d706f6e7 -> 
  custom:video-encoder-webm-vp8: eb34c28f22e8b96e1ab97ce403110664 -> 
  custom:audio-decoder-ogg-vorbis: bf7c407c2cedff20999df2af8eb42d56 -> 
  custom:audio-encoder-webm-vorbis: bf7c407c2cedff20999df2af8eb42d56 -> 
========================================================================
Received Import Request.
  Time since last request: 79.799677 seconds.
  path: Assets/Animations/Mage 1/Player 1.controller
  artifactKey: Guid(1e7448effb6e2834b823f3c7bcb429d2) Importer(815301076,1909f56bfc062723c751e8b465ee728b)
Start importing Assets/Animations/Mage 1/Player 1.controller using Guid(1e7448effb6e2834b823f3c7bcb429d2) Importer(815301076,1909f56bfc062723c751e8b465ee728b) [PhysX] Initialized MultithreadedTaskDispatcher with 16 workers.
 -> (artifact id: '41cdfe20b9d929177b8390a49b93c8e4') in 0.012689 seconds
Number of updated asset objects reloaded before import = 0
Number of asset objects unloaded after import = 12
========================================================================
Received Prepare
Caller must complete domain reload
Begin MonoManager ReloadAssembly
Symbol file LoadedFromMemory is not a mono symbol file
- Loaded All Assemblies, in  0.439 seconds
Native extension for WindowsStandalone target not found
Native extension for WebGL target not found
[Package Manager] Server::EnsureServerProcessIsRunning -- launch failed, reason: Unity was launched with the -noUpm command-line argument
[Package Manager] UpmClient::Send -- Unable to send message (not connected to UPM process).
[Package Manager] Cannot connect to Unity Package Manager local server
Mono: successfully reloaded assembly
- Finished resetting the current domain, in  0.925 seconds
Domain Reload Profiling: 1361ms
	BeginReloadAssembly (138ms)
		ExecutionOrderSort (0ms)
		DisableScriptedObjects (8ms)
		BackupInstance (0ms)
		ReleaseScriptingObjects (0ms)
		CreateAndSetChildDomain (31ms)
	RebuildCommonClasses (25ms)
	RebuildNativeTypeToScriptingClass (10ms)
	initialDomainReloadingComplete (44ms)
	LoadAllAssembliesAndSetupDomain (220ms)
		LoadAssemblies (280ms)
		RebuildTransferFunctionScriptingTraits (0ms)
		AnalyzeDomain (12ms)
			TypeCache.Refresh (6ms)
				TypeCache.ScanAssembly (0ms)
			ScanForSourceGeneratedMonoScriptInfo (0ms)
			ResolveRequiredComponents (5ms)
	FinalizeReload (925ms)
		ReleaseScriptCaches (0ms)
		RebuildScriptCaches (0ms)
		SetupLoadedEditorAssemblies (462ms)
			LogAssemblyErrors (0ms)
			InitializePlatformSupportModulesInManaged (6ms)
			SetLoadedEditorAssemblies (3ms)
			RefreshPlugins (0ms)
			BeforeProcessingInitializeOnLoad (68ms)
			ProcessInitializeOnLoadAttributes (323ms)
			ProcessInitializeOnLoadMethodAttributes (60ms)
			AfterProcessingInitializeOnLoad (2ms)
			EditorAssembliesLoaded (0ms)
		ExecutionOrderSort2 (0ms)
		AwakeInstancesAfterBackupRestoration (12ms)
Refreshing native plugins compatible for Editor in 6.20 ms, found 4 plugins.
Preloading 0 native plugins for Editor in 0.00 ms.
Unloading 5812 Unused Serialized files (Serialized files now loaded: 0)
Unloading 26 unused Assets / (34.4 KB). Loaded Objects now: 6420.
Memory consumption went from 209.1 MB to 209.1 MB.
Total: 3.073000 ms (FindLiveObjects: 0.387400 ms CreateObjectMapping: 0.185900 ms MarkObjects: 2.457500 ms  DeleteObjects: 0.041400 ms)

Prepare: number of updated asset objects reloaded= 0
AssetImportParameters requested are different than current active one (requested -> active):
  custom:container-demuxer-ogg: 62fdf1f143b41e24485cea50d1cbac27 -> 
  custom:video-decoder-ogg-theora: a1e56fd34408186e4bbccfd4996cb3dc -> 
  custom:framework-win-MediaFoundation: 216162199b28c13a410421893ffa2e32 -> 
  custom:CustomObjectIndexerAttribute: 9a22284fe3817be447336de3de66b15e -> 
  custom:container-demuxer-webm: 4f35f7cbe854078d1ac9338744f61a02 -> 
  custom:container-muxer-webm: aa71ff27fc2769a1b78a27578f13a17b -> 
  custom:video-decoder-webm-vp8: 9c59270c3fd7afecdb556c50c9e8de78 -> 
  custom:SearchIndexIgnoredProperties: e643bd26f0fe6173181afceb89e7c659 -> 
  custom:AudioImporter_EditorPlatform: d09bf68614088b80899f8185d706f6e7 -> 
  custom:video-encoder-webm-vp8: eb34c28f22e8b96e1ab97ce403110664 -> 
  custom:audio-decoder-ogg-vorbis: bf7c407c2cedff20999df2af8eb42d56 -> 
  custom:audio-encoder-webm-vorbis: bf7c407c2cedff20999df2af8eb42d56 -> 
========================================================================
Received Import Request.
  Time since last request: 35.572926 seconds.
  path: Assets/Animations/Mage 1/Player 1.controller
  artifactKey: Guid(1e7448effb6e2834b823f3c7bcb429d2) Importer(815301076,1909f56bfc062723c751e8b465ee728b)
Start importing Assets/Animations/Mage 1/Player 1.controller using Guid(1e7448effb6e2834b823f3c7bcb429d2) Importer(815301076,1909f56bfc062723c751e8b465ee728b) [PhysX] Initialized MultithreadedTaskDispatcher with 16 workers.
 -> (artifact id: '2dbe5f127e8a98fe53c932f5f2a4552d') in 0.011870 seconds
Number of updated asset objects reloaded before import = 0
Number of asset objects unloaded after import = 12
========================================================================
Received Prepare
Caller must complete domain reload
Begin MonoManager ReloadAssembly
Symbol file LoadedFromMemory is not a mono symbol file
- Loaded All Assemblies, in  0.455 seconds
Native extension for WindowsStandalone target not found
Native extension for WebGL target not found
[Package Manager] Server::EnsureServerProcessIsRunning -- launch failed, reason: Unity was launched with the -noUpm command-line argument
[Package Manager] UpmClient::Send -- Unable to send message (not connected to UPM process).
[Package Manager] Cannot connect to Unity Package Manager local server
Mono: successfully reloaded assembly
- Finished resetting the current domain, in  0.941 seconds
Domain Reload Profiling: 1394ms
	BeginReloadAssembly (142ms)
		ExecutionOrderSort (0ms)
		DisableScriptedObjects (8ms)
		BackupInstance (0ms)
		ReleaseScriptingObjects (0ms)
		CreateAndSetChildDomain (30ms)
	RebuildCommonClasses (24ms)
	RebuildNativeTypeToScriptingClass (8ms)
	initialDomainReloadingComplete (43ms)
	LoadAllAssembliesAndSetupDomain (235ms)
		LoadAssemblies (302ms)
		RebuildTransferFunctionScriptingTraits (0ms)
		AnalyzeDomain (11ms)
			TypeCache.Refresh (5ms)
				TypeCache.ScanAssembly (0ms)
			ScanForSourceGeneratedMonoScriptInfo (0ms)
			ResolveRequiredComponents (5ms)
	FinalizeReload (941ms)
		ReleaseScriptCaches (0ms)
		RebuildScriptCaches (0ms)
		SetupLoadedEditorAssemblies (482ms)
			LogAssemblyErrors (0ms)
			InitializePlatformSupportModulesInManaged (7ms)
			SetLoadedEditorAssemblies (3ms)
			RefreshPlugins (0ms)
			BeforeProcessingInitializeOnLoad (72ms)
			ProcessInitializeOnLoadAttributes (343ms)
			ProcessInitializeOnLoadMethodAttributes (55ms)
			AfterProcessingInitializeOnLoad (2ms)
			EditorAssembliesLoaded (0ms)
		ExecutionOrderSort2 (0ms)
		AwakeInstancesAfterBackupRestoration (9ms)
Refreshing native plugins compatible for Editor in 14.42 ms, found 4 plugins.
Preloading 0 native plugins for Editor in 0.00 ms.
Unloading 5812 Unused Serialized files (Serialized files now loaded: 0)
Unloading 26 unused Assets / (34.3 KB). Loaded Objects now: 6426.
Memory consumption went from 209.1 MB to 209.1 MB.
Total: 3.332600 ms (FindLiveObjects: 0.298800 ms CreateObjectMapping: 0.170900 ms MarkObjects: 2.772600 ms  DeleteObjects: 0.089200 ms)

Prepare: number of updated asset objects reloaded= 0
AssetImportParameters requested are different than current active one (requested -> active):
  custom:container-demuxer-ogg: 62fdf1f143b41e24485cea50d1cbac27 -> 
  custom:video-decoder-ogg-theora: a1e56fd34408186e4bbccfd4996cb3dc -> 
  custom:framework-win-MediaFoundation: 216162199b28c13a410421893ffa2e32 -> 
  custom:CustomObjectIndexerAttribute: 9a22284fe3817be447336de3de66b15e -> 
  custom:container-demuxer-webm: 4f35f7cbe854078d1ac9338744f61a02 -> 
  custom:container-muxer-webm: aa71ff27fc2769a1b78a27578f13a17b -> 
  custom:video-decoder-webm-vp8: 9c59270c3fd7afecdb556c50c9e8de78 -> 
  custom:SearchIndexIgnoredProperties: e643bd26f0fe6173181afceb89e7c659 -> 
  custom:AudioImporter_EditorPlatform: d09bf68614088b80899f8185d706f6e7 -> 
  custom:video-encoder-webm-vp8: eb34c28f22e8b96e1ab97ce403110664 -> 
  custom:audio-decoder-ogg-vorbis: bf7c407c2cedff20999df2af8eb42d56 -> 
  custom:audio-encoder-webm-vorbis: bf7c407c2cedff20999df2af8eb42d56 -> 
========================================================================
Received Import Request.
  Time since last request: 80.630622 seconds.
  path: Assets/Animations/Mage 1/Player 1.controller
  artifactKey: Guid(1e7448effb6e2834b823f3c7bcb429d2) Importer(815301076,1909f56bfc062723c751e8b465ee728b)
Start importing Assets/Animations/Mage 1/Player 1.controller using Guid(1e7448effb6e2834b823f3c7bcb429d2) Importer(815301076,1909f56bfc062723c751e8b465ee728b) [PhysX] Initialized MultithreadedTaskDispatcher with 16 workers.
 -> (artifact id: '8c15e28acc13ebb53203953b1831f2c1') in 0.012023 seconds
Number of updated asset objects reloaded before import = 0
Number of asset objects unloaded after import = 12
========================================================================
Received Prepare
Caller must complete domain reload
Begin MonoManager ReloadAssembly
Symbol file LoadedFromMemory is not a mono symbol file
- Loaded All Assemblies, in  0.452 seconds
Native extension for WindowsStandalone target not found
Native extension for WebGL target not found
[Package Manager] Server::EnsureServerProcessIsRunning -- launch failed, reason: Unity was launched with the -noUpm command-line argument
[Package Manager] UpmClient::Send -- Unable to send message (not connected to UPM process).
[Package Manager] Cannot connect to Unity Package Manager local server
Mono: successfully reloaded assembly
- Finished resetting the current domain, in  0.897 seconds
Domain Reload Profiling: 1347ms
	BeginReloadAssembly (137ms)
		ExecutionOrderSort (0ms)
		DisableScriptedObjects (9ms)
		BackupInstance (0ms)
		ReleaseScriptingObjects (0ms)
		CreateAndSetChildDomain (30ms)
	RebuildCommonClasses (30ms)
	RebuildNativeTypeToScriptingClass (10ms)
	initialDomainReloadingComplete (41ms)
	LoadAllAssembliesAndSetupDomain (232ms)
		LoadAssemblies (293ms)
		RebuildTransferFunctionScriptingTraits (0ms)
		AnalyzeDomain (12ms)
			TypeCache.Refresh (6ms)
				TypeCache.ScanAssembly (0ms)
			ScanForSourceGeneratedMonoScriptInfo (0ms)
			ResolveRequiredComponents (5ms)
	FinalizeReload (897ms)
		ReleaseScriptCaches (0ms)
		RebuildScriptCaches (0ms)
		SetupLoadedEditorAssemblies (466ms)
			LogAssemblyErrors (0ms)
			InitializePlatformSupportModulesInManaged (7ms)
			SetLoadedEditorAssemblies (3ms)
			RefreshPlugins (0ms)
			BeforeProcessingInitializeOnLoad (66ms)
			ProcessInitializeOnLoadAttributes (329ms)
			ProcessInitializeOnLoadMethodAttributes (59ms)
			AfterProcessingInitializeOnLoad (2ms)
			EditorAssembliesLoaded (0ms)
		ExecutionOrderSort2 (0ms)
		AwakeInstancesAfterBackupRestoration (9ms)
Refreshing native plugins compatible for Editor in 6.17 ms, found 4 plugins.
Preloading 0 native plugins for Editor in 0.00 ms.
Unloading 5812 Unused Serialized files (Serialized files now loaded: 0)
Unloading 26 unused Assets / (34.3 KB). Loaded Objects now: 6432.
Memory consumption went from 209.1 MB to 209.1 MB.
Total: 3.862000 ms (FindLiveObjects: 0.320900 ms CreateObjectMapping: 0.167500 ms MarkObjects: 3.307600 ms  DeleteObjects: 0.065400 ms)

Prepare: number of updated asset objects reloaded= 0
AssetImportParameters requested are different than current active one (requested -> active):
  custom:container-demuxer-ogg: 62fdf1f143b41e24485cea50d1cbac27 -> 
  custom:video-decoder-ogg-theora: a1e56fd34408186e4bbccfd4996cb3dc -> 
  custom:framework-win-MediaFoundation: 216162199b28c13a410421893ffa2e32 -> 
  custom:CustomObjectIndexerAttribute: 9a22284fe3817be447336de3de66b15e -> 
  custom:container-demuxer-webm: 4f35f7cbe854078d1ac9338744f61a02 -> 
  custom:container-muxer-webm: aa71ff27fc2769a1b78a27578f13a17b -> 
  custom:video-decoder-webm-vp8: 9c59270c3fd7afecdb556c50c9e8de78 -> 
  custom:SearchIndexIgnoredProperties: e643bd26f0fe6173181afceb89e7c659 -> 
  custom:AudioImporter_EditorPlatform: d09bf68614088b80899f8185d706f6e7 -> 
  custom:video-encoder-webm-vp8: eb34c28f22e8b96e1ab97ce403110664 -> 
  custom:audio-decoder-ogg-vorbis: bf7c407c2cedff20999df2af8eb42d56 -> 
  custom:audio-encoder-webm-vorbis: bf7c407c2cedff20999df2af8eb42d56 -> 
========================================================================
Received Import Request.
  Time since last request: 56.074288 seconds.
  path: Assets/Animations/Mage 2/Walk/WalkFrontMage2.anim
  artifactKey: Guid(0e44d59a2da3b5c4d8278a42453666bd) Importer(815301076,1909f56bfc062723c751e8b465ee728b)
Start importing Assets/Animations/Mage 2/Walk/WalkFrontMage2.anim using Guid(0e44d59a2da3b5c4d8278a42453666bd) Importer(815301076,1909f56bfc062723c751e8b465ee728b) [PhysX] Initialized MultithreadedTaskDispatcher with 16 workers.
 -> (artifact id: '74289eb47c825d0ff3ca2a9657945beb') in 0.008924 seconds
Number of updated asset objects reloaded before import = 0
Number of asset objects unloaded after import = 1
========================================================================
Received Prepare
Caller must complete domain reload
Begin MonoManager ReloadAssembly
Symbol file LoadedFromMemory is not a mono symbol file
- Loaded All Assemblies, in  0.450 seconds
Native extension for WindowsStandalone target not found
Native extension for WebGL target not found
[Package Manager] Server::EnsureServerProcessIsRunning -- launch failed, reason: Unity was launched with the -noUpm command-line argument
[Package Manager] UpmClient::Send -- Unable to send message (not connected to UPM process).
[Package Manager] Cannot connect to Unity Package Manager local server
Mono: successfully reloaded assembly
- Finished resetting the current domain, in  0.894 seconds
Domain Reload Profiling: 1342ms
	BeginReloadAssembly (143ms)
		ExecutionOrderSort (0ms)
		DisableScriptedObjects (8ms)
		BackupInstance (0ms)
		ReleaseScriptingObjects (0ms)
		CreateAndSetChildDomain (29ms)
	RebuildCommonClasses (24ms)
	RebuildNativeTypeToScriptingClass (14ms)
	initialDomainReloadingComplete (41ms)
	LoadAllAssembliesAndSetupDomain (226ms)
		LoadAssemblies (294ms)
		RebuildTransferFunctionScriptingTraits (0ms)
		AnalyzeDomain (12ms)
			TypeCache.Refresh (5ms)
				TypeCache.ScanAssembly (0ms)
			ScanForSourceGeneratedMonoScriptInfo (0ms)
			ResolveRequiredComponents (5ms)
	FinalizeReload (894ms)
		ReleaseScriptCaches (0ms)
		RebuildScriptCaches (0ms)
		SetupLoadedEditorAssemblies (456ms)
			LogAssemblyErrors (0ms)
			InitializePlatformSupportModulesInManaged (7ms)
			SetLoadedEditorAssemblies (3ms)
			RefreshPlugins (0ms)
			BeforeProcessingInitializeOnLoad (71ms)
			ProcessInitializeOnLoadAttributes (313ms)
			ProcessInitializeOnLoadMethodAttributes (61ms)
			AfterProcessingInitializeOnLoad (2ms)
			EditorAssembliesLoaded (0ms)
		ExecutionOrderSort2 (0ms)
		AwakeInstancesAfterBackupRestoration (10ms)
Refreshing native plugins compatible for Editor in 5.41 ms, found 4 plugins.
Preloading 0 native plugins for Editor in 0.00 ms.
Unloading 5812 Unused Serialized files (Serialized files now loaded: 0)
Unloading 26 unused Assets / (34.2 KB). Loaded Objects now: 6438.
Memory consumption went from 209.1 MB to 209.1 MB.
Total: 3.233400 ms (FindLiveObjects: 0.301300 ms CreateObjectMapping: 0.151100 ms MarkObjects: 2.737500 ms  DeleteObjects: 0.042800 ms)

Prepare: number of updated asset objects reloaded= 0
AssetImportParameters requested are different than current active one (requested -> active):
  custom:container-demuxer-ogg: 62fdf1f143b41e24485cea50d1cbac27 -> 
  custom:video-decoder-ogg-theora: a1e56fd34408186e4bbccfd4996cb3dc -> 
  custom:framework-win-MediaFoundation: 216162199b28c13a410421893ffa2e32 -> 
  custom:CustomObjectIndexerAttribute: 9a22284fe3817be447336de3de66b15e -> 
  custom:container-demuxer-webm: 4f35f7cbe854078d1ac9338744f61a02 -> 
  custom:container-muxer-webm: aa71ff27fc2769a1b78a27578f13a17b -> 
  custom:video-decoder-webm-vp8: 9c59270c3fd7afecdb556c50c9e8de78 -> 
  custom:SearchIndexIgnoredProperties: e643bd26f0fe6173181afceb89e7c659 -> 
  custom:AudioImporter_EditorPlatform: d09bf68614088b80899f8185d706f6e7 -> 
  custom:video-encoder-webm-vp8: eb34c28f22e8b96e1ab97ce403110664 -> 
  custom:audio-decoder-ogg-vorbis: bf7c407c2cedff20999df2af8eb42d56 -> 
  custom:audio-encoder-webm-vorbis: bf7c407c2cedff20999df2af8eb42d56 -> 
========================================================================
Received Import Request.
  Time since last request: 108.014473 seconds.
  path: Assets/Animations/Mage 1/Player 1.controller
  artifactKey: Guid(1e7448effb6e2834b823f3c7bcb429d2) Importer(815301076,1909f56bfc062723c751e8b465ee728b)
Start importing Assets/Animations/Mage 1/Player 1.controller using Guid(1e7448effb6e2834b823f3c7bcb429d2) Importer(815301076,1909f56bfc062723c751e8b465ee728b) [PhysX] Initialized MultithreadedTaskDispatcher with 16 workers.
 -> (artifact id: 'c50bd73d153318e9e4b42ba03cffe33b') in 0.014060 seconds
Number of updated asset objects reloaded before import = 0
Number of asset objects unloaded after import = 12
========================================================================
Received Import Request.
  Time since last request: 2.842849 seconds.
  path: Assets/Prefabs/Player.prefab
  artifactKey: Guid(dc05fb8865b246b4c9e7570ce0146816) Importer(815301076,1909f56bfc062723c751e8b465ee728b)
Start importing Assets/Prefabs/Player.prefab using Guid(dc05fb8865b246b4c9e7570ce0146816) Importer(815301076,1909f56bfc062723c751e8b465ee728b) [PhysX] Initialized MultithreadedTaskDispatcher with 16 workers.
 -> (artifact id: 'f5a5d5b62031dbaf21100c71ce451b38') in 0.000485 seconds
Number of updated asset objects reloaded before import = 0
Number of asset objects unloaded after import = 0
========================================================================
Received Import Request.
  Time since last request: 133.723440 seconds.
  path: Assets/Sprites/Characters/Mage 1 (Tank)/Attack/GHOSTY_ATACAR_ATRAS_SPRITESHEET.png
  artifactKey: Guid(c95f8e6db3fd476469c7b6e5850a7ffb) Importer(815301076,1909f56bfc062723c751e8b465ee728b)
Start importing Assets/Sprites/Characters/Mage 1 (Tank)/Attack/GHOSTY_ATACAR_ATRAS_SPRITESHEET.png using Guid(c95f8e6db3fd476469c7b6e5850a7ffb) Importer(815301076,1909f56bfc062723c751e8b465ee728b) [PhysX] Initialized MultithreadedTaskDispatcher with 16 workers.
[PhysX] Initialized MultithreadedTaskDispatcher with 16 workers.
 -> (artifact id: '7e6bb844260cc083dd508305a295bf98') in 0.035007 seconds
Number of updated asset objects reloaded before import = 0
Number of asset objects unloaded after import = 2
========================================================================
Received Import Request.
  Time since last request: 7.578594 seconds.
  path: Assets/Sprites/Characters/Mage 1 (Tank)/Attack/GHOSTY_ATACAR_ATRAS_SPRITESHEET.png
  artifactKey: Guid(c95f8e6db3fd476469c7b6e5850a7ffb) Importer(815301076,1909f56bfc062723c751e8b465ee728b)
Start importing Assets/Sprites/Characters/Mage 1 (Tank)/Attack/GHOSTY_ATACAR_ATRAS_SPRITESHEET.png using Guid(c95f8e6db3fd476469c7b6e5850a7ffb) Importer(815301076,1909f56bfc062723c751e8b465ee728b) [PhysX] Initialized MultithreadedTaskDispatcher with 16 workers.
[PhysX] Initialized MultithreadedTaskDispatcher with 16 workers.
 -> (artifact id: 'a898b2acef84ff5e6ff209d56c05ad06') in 0.090032 seconds
Number of updated asset objects reloaded before import = 0
Number of asset objects unloaded after import = 13
========================================================================
Received Import Request.
  Time since last request: 11.226140 seconds.
  path: Assets/Sprites/Characters/Mage 1 (Tank)/Attack/GHOSTY_ATACAR_ATRASORIENTACIONDERECHA_SPRITESHEET.png
  artifactKey: Guid(966d29b122828414f8cce60cab4115b3) Importer(815301076,1909f56bfc062723c751e8b465ee728b)
Start importing Assets/Sprites/Characters/Mage 1 (Tank)/Attack/GHOSTY_ATACAR_ATRASORIENTACIONDERECHA_SPRITESHEET.png using Guid(966d29b122828414f8cce60cab4115b3) Importer(815301076,1909f56bfc062723c751e8b465ee728b) [PhysX] Initialized MultithreadedTaskDispatcher with 16 workers.
[PhysX] Initialized MultithreadedTaskDispatcher with 16 workers.
 -> (artifact id: '5b52add54497427d0119c894f620c701') in 0.013061 seconds
Number of updated asset objects reloaded before import = 0
Number of asset objects unloaded after import = 2
========================================================================
Received Import Request.
  Time since last request: 6.046627 seconds.
  path: Assets/Sprites/Characters/Mage 1 (Tank)/Attack/GHOSTY_ATACAR_ATRASORIENTACIONDERECHA_SPRITESHEET.png
  artifactKey: Guid(966d29b122828414f8cce60cab4115b3) Importer(815301076,1909f56bfc062723c751e8b465ee728b)
Start importing Assets/Sprites/Characters/Mage 1 (Tank)/Attack/GHOSTY_ATACAR_ATRASORIENTACIONDERECHA_SPRITESHEET.png using Guid(966d29b122828414f8cce60cab4115b3) Importer(815301076,1909f56bfc062723c751e8b465ee728b) [PhysX] Initialized MultithreadedTaskDispatcher with 16 workers.
[PhysX] Initialized MultithreadedTaskDispatcher with 16 workers.
 -> (artifact id: 'fdb6df7fb1b20224397cdb9fbe06a3c8') in 0.050795 seconds
Number of updated asset objects reloaded before import = 0
Number of asset objects unloaded after import = 13
========================================================================
Received Import Request.
  Time since last request: 8.497567 seconds.
  path: Assets/Sprites/Characters/Mage 1 (Tank)/Attack/GHOSTY_ATACAR_ATRASORIENTACIONIZQ_SPRITESHEET.png
  artifactKey: Guid(85156b76f9f572a46839e0e228c11427) Importer(815301076,1909f56bfc062723c751e8b465ee728b)
Start importing Assets/Sprites/Characters/Mage 1 (Tank)/Attack/GHOSTY_ATACAR_ATRASORIENTACIONIZQ_SPRITESHEET.png using Guid(85156b76f9f572a46839e0e228c11427) Importer(815301076,1909f56bfc062723c751e8b465ee728b) [PhysX] Initialized MultithreadedTaskDispatcher with 16 workers.
[PhysX] Initialized MultithreadedTaskDispatcher with 16 workers.
 -> (artifact id: '0d75033956f4ff3bc58b5d3bdd805be0') in 0.013543 seconds
Number of updated asset objects reloaded before import = 0
Number of asset objects unloaded after import = 2
========================================================================
Received Import Request.
  Time since last request: 7.586441 seconds.
  path: Assets/Sprites/Characters/Mage 1 (Tank)/Attack/GHOSTY_ATACAR_ATRASORIENTACIONIZQ_SPRITESHEET.png
  artifactKey: Guid(85156b76f9f572a46839e0e228c11427) Importer(815301076,1909f56bfc062723c751e8b465ee728b)
Start importing Assets/Sprites/Characters/Mage 1 (Tank)/Attack/GHOSTY_ATACAR_ATRASORIENTACIONIZQ_SPRITESHEET.png using Guid(85156b76f9f572a46839e0e228c11427) Importer(815301076,1909f56bfc062723c751e8b465ee728b) [PhysX] Initialized MultithreadedTaskDispatcher with 16 workers.
[PhysX] Initialized MultithreadedTaskDispatcher with 16 workers.
 -> (artifact id: '25add0acec0d7dd0e7728160a472f21a') in 0.050387 seconds
Number of updated asset objects reloaded before import = 0
Number of asset objects unloaded after import = 13
========================================================================
Received Import Request.
  Time since last request: 7.749194 seconds.
  path: Assets/Sprites/Characters/Mage 1 (Tank)/Attack/GHOSTY_ATACAR_FRENTE_SPRITESHEET.png
  artifactKey: Guid(248ca03b3a3d1af4b9ce7be8e0f2c552) Importer(815301076,1909f56bfc062723c751e8b465ee728b)
Start importing Assets/Sprites/Characters/Mage 1 (Tank)/Attack/GHOSTY_ATACAR_FRENTE_SPRITESHEET.png using Guid(248ca03b3a3d1af4b9ce7be8e0f2c552) Importer(815301076,1909f56bfc062723c751e8b465ee728b) [PhysX] Initialized MultithreadedTaskDispatcher with 16 workers.
[PhysX] Initialized MultithreadedTaskDispatcher with 16 workers.
 -> (artifact id: '8d14c70961e7db265153f8fb267ce800') in 0.012617 seconds
Number of updated asset objects reloaded before import = 0
Number of asset objects unloaded after import = 2
========================================================================
Received Import Request.
  Time since last request: 8.505258 seconds.
  path: Assets/Sprites/Characters/Mage 1 (Tank)/Attack/GHOSTY_ATACAR_FRENTE_SPRITESHEET.png
  artifactKey: Guid(248ca03b3a3d1af4b9ce7be8e0f2c552) Importer(815301076,1909f56bfc062723c751e8b465ee728b)
Start importing Assets/Sprites/Characters/Mage 1 (Tank)/Attack/GHOSTY_ATACAR_FRENTE_SPRITESHEET.png using Guid(248ca03b3a3d1af4b9ce7be8e0f2c552) Importer(815301076,1909f56bfc062723c751e8b465ee728b) [PhysX] Initialized MultithreadedTaskDispatcher with 16 workers.
[PhysX] Initialized MultithreadedTaskDispatcher with 16 workers.
 -> (artifact id: 'c76e6d2824e399c657b8f68018e83742') in 0.057826 seconds
Number of updated asset objects reloaded before import = 0
Number of asset objects unloaded after import = 12
========================================================================
Received Import Request.
  Time since last request: 268.049426 seconds.
  path: Assets/Sprites/Characters/Mage 1 (Tank)/Attack/GHOSTY_ATACAR_FRENTE_SPRITESHEET.png
  artifactKey: Guid(248ca03b3a3d1af4b9ce7be8e0f2c552) Importer(815301076,1909f56bfc062723c751e8b465ee728b)
Start importing Assets/Sprites/Characters/Mage 1 (Tank)/Attack/GHOSTY_ATACAR_FRENTE_SPRITESHEET.png using Guid(248ca03b3a3d1af4b9ce7be8e0f2c552) Importer(815301076,1909f56bfc062723c751e8b465ee728b) [PhysX] Initialized MultithreadedTaskDispatcher with 16 workers.
[PhysX] Initialized MultithreadedTaskDispatcher with 16 workers.
 -> (artifact id: '98cb65fbdf32d633915d38e491c35348') in 0.061089 seconds
Number of updated asset objects reloaded before import = 0
Number of asset objects unloaded after import = 13
========================================================================
Received Import Request.
  Time since last request: 7.989735 seconds.
  path: Assets/Sprites/Characters/Mage 1 (Tank)/Attack/GHOSTY_ATACAR_FRENTEORIENTACIONDERECHA_SPRITESHEET.png
  artifactKey: Guid(fc782c88298f4e44e9f1e67025e7d663) Importer(815301076,1909f56bfc062723c751e8b465ee728b)
Start importing Assets/Sprites/Characters/Mage 1 (Tank)/Attack/GHOSTY_ATACAR_FRENTEORIENTACIONDERECHA_SPRITESHEET.png using Guid(fc782c88298f4e44e9f1e67025e7d663) Importer(815301076,1909f56bfc062723c751e8b465ee728b) [PhysX] Initialized MultithreadedTaskDispatcher with 16 workers.
[PhysX] Initialized MultithreadedTaskDispatcher with 16 workers.
 -> (artifact id: '078a21bab126c4debc1b3158511a9941') in 0.021316 seconds
Number of updated asset objects reloaded before import = 0
Number of asset objects unloaded after import = 2
========================================================================
Received Import Request.
  Time since last request: 16.434404 seconds.
  path: Assets/Sprites/Characters/Mage 1 (Tank)/Attack/GHOSTY_ATACAR_FRENTEORIENTACIONDERECHA_SPRITESHEET.png
  artifactKey: Guid(fc782c88298f4e44e9f1e67025e7d663) Importer(815301076,1909f56bfc062723c751e8b465ee728b)
Start importing Assets/Sprites/Characters/Mage 1 (Tank)/Attack/GHOSTY_ATACAR_FRENTEORIENTACIONDERECHA_SPRITESHEET.png using Guid(fc782c88298f4e44e9f1e67025e7d663) Importer(815301076,1909f56bfc062723c751e8b465ee728b) [PhysX] Initialized MultithreadedTaskDispatcher with 16 workers.
[PhysX] Initialized MultithreadedTaskDispatcher with 16 workers.
 -> (artifact id: '43b5a3efc59050beb6bdb7d4133c4cd8') in 0.041424 seconds
Number of updated asset objects reloaded before import = 0
Number of asset objects unloaded after import = 13
========================================================================
Received Import Request.
  Time since last request: 7.344340 seconds.
  path: Assets/Sprites/Characters/Mage 1 (Tank)/Attack/GHOSTY_ATACAR_FRENTEORIENTACIONIZQ_SPRITESHEET.png
  artifactKey: Guid(5b2f995fe3f11bf438b1871df5959f4e) Importer(815301076,1909f56bfc062723c751e8b465ee728b)
Start importing Assets/Sprites/Characters/Mage 1 (Tank)/Attack/GHOSTY_ATACAR_FRENTEORIENTACIONIZQ_SPRITESHEET.png using Guid(5b2f995fe3f11bf438b1871df5959f4e) Importer(815301076,1909f56bfc062723c751e8b465ee728b) [PhysX] Initialized MultithreadedTaskDispatcher with 16 workers.
[PhysX] Initialized MultithreadedTaskDispatcher with 16 workers.
 -> (artifact id: '7c68a1b32056d3c79c6bf3314f2ee903') in 0.012669 seconds
Number of updated asset objects reloaded before import = 0
Number of asset objects unloaded after import = 2
========================================================================
Received Import Request.
  Time since last request: 7.965879 seconds.
  path: Assets/Sprites/Characters/Mage 1 (Tank)/Attack/GHOSTY_ATACAR_FRENTEORIENTACIONIZQ_SPRITESHEET.png
  artifactKey: Guid(5b2f995fe3f11bf438b1871df5959f4e) Importer(815301076,1909f56bfc062723c751e8b465ee728b)
Start importing Assets/Sprites/Characters/Mage 1 (Tank)/Attack/GHOSTY_ATACAR_FRENTEORIENTACIONIZQ_SPRITESHEET.png using Guid(5b2f995fe3f11bf438b1871df5959f4e) Importer(815301076,1909f56bfc062723c751e8b465ee728b) [PhysX] Initialized MultithreadedTaskDispatcher with 16 workers.
[PhysX] Initialized MultithreadedTaskDispatcher with 16 workers.
 -> (artifact id: 'b2f47c8a3e2dd45c38364f36d1797f8c') in 0.057832 seconds
Number of updated asset objects reloaded before import = 0
Number of asset objects unloaded after import = 13
========================================================================
Received Import Request.
  Time since last request: 8.376812 seconds.
  path: Assets/Sprites/Characters/Mage 1 (Tank)/Attack/GHOSTY_ATACAR_PERFILDERECHO_SPRITESHEET.png
  artifactKey: Guid(8248f0c915aa38548b31fc2d21dfdd05) Importer(815301076,1909f56bfc062723c751e8b465ee728b)
Start importing Assets/Sprites/Characters/Mage 1 (Tank)/Attack/GHOSTY_ATACAR_PERFILDERECHO_SPRITESHEET.png using Guid(8248f0c915aa38548b31fc2d21dfdd05) Importer(815301076,1909f56bfc062723c751e8b465ee728b) [PhysX] Initialized MultithreadedTaskDispatcher with 16 workers.
[PhysX] Initialized MultithreadedTaskDispatcher with 16 workers.
 -> (artifact id: 'f76ed5dd2307c599f93c53fafdf6688a') in 0.022229 seconds
Number of updated asset objects reloaded before import = 0
Number of asset objects unloaded after import = 2
========================================================================
Received Import Request.
  Time since last request: 7.758930 seconds.
  path: Assets/Sprites/Characters/Mage 1 (Tank)/Attack/GHOSTY_ATACAR_PERFILDERECHO_SPRITESHEET.png
  artifactKey: Guid(8248f0c915aa38548b31fc2d21dfdd05) Importer(815301076,1909f56bfc062723c751e8b465ee728b)
Start importing Assets/Sprites/Characters/Mage 1 (Tank)/Attack/GHOSTY_ATACAR_PERFILDERECHO_SPRITESHEET.png using Guid(8248f0c915aa38548b31fc2d21dfdd05) Importer(815301076,1909f56bfc062723c751e8b465ee728b) [PhysX] Initialized MultithreadedTaskDispatcher with 16 workers.
[PhysX] Initialized MultithreadedTaskDispatcher with 16 workers.
 -> (artifact id: '054548dd768d6538cfed6f690c66050d') in 0.052474 seconds
Number of updated asset objects reloaded before import = 0
Number of asset objects unloaded after import = 13
========================================================================
Received Import Request.
  Time since last request: 7.972770 seconds.
  path: Assets/Sprites/Characters/Mage 1 (Tank)/Attack/GHOSTY_ATACAR_PERFILIZQ_SPRITESHEET.png
  artifactKey: Guid(d2c4d57a89ff2be4591ad9ae46b2aca8) Importer(815301076,1909f56bfc062723c751e8b465ee728b)
Start importing Assets/Sprites/Characters/Mage 1 (Tank)/Attack/GHOSTY_ATACAR_PERFILIZQ_SPRITESHEET.png using Guid(d2c4d57a89ff2be4591ad9ae46b2aca8) Importer(815301076,1909f56bfc062723c751e8b465ee728b) [PhysX] Initialized MultithreadedTaskDispatcher with 16 workers.
[PhysX] Initialized MultithreadedTaskDispatcher with 16 workers.
 -> (artifact id: 'd89d910a09c2769e8133070961c6c424') in 0.013423 seconds
Number of updated asset objects reloaded before import = 0
Number of asset objects unloaded after import = 2
========================================================================
Received Import Request.
  Time since last request: 9.999511 seconds.
  path: Assets/Sprites/Characters/Mage 1 (Tank)/Attack/GHOSTY_ATACAR_PERFILIZQ_SPRITESHEET.png
  artifactKey: Guid(d2c4d57a89ff2be4591ad9ae46b2aca8) Importer(815301076,1909f56bfc062723c751e8b465ee728b)
Start importing Assets/Sprites/Characters/Mage 1 (Tank)/Attack/GHOSTY_ATACAR_PERFILIZQ_SPRITESHEET.png using Guid(d2c4d57a89ff2be4591ad9ae46b2aca8) Importer(815301076,1909f56bfc062723c751e8b465ee728b) [PhysX] Initialized MultithreadedTaskDispatcher with 16 workers.
[PhysX] Initialized MultithreadedTaskDispatcher with 16 workers.
 -> (artifact id: 'ff25e5d205b409f32c2381f20dcaa4bd') in 0.054015 seconds
Number of updated asset objects reloaded before import = 0
Number of asset objects unloaded after import = 13
========================================================================
Received Import Request.
  Time since last request: 304.467791 seconds.
  path: Assets/Sprites/Characters/Mage 1 (Tank)/Ulti/GHOSTY_ULTI_ATRAS_SPRITESHEET.png
  artifactKey: Guid(ca2bd9c31e3cc114c882ef7a16d881ca) Importer(815301076,1909f56bfc062723c751e8b465ee728b)
Start importing Assets/Sprites/Characters/Mage 1 (Tank)/Ulti/GHOSTY_ULTI_ATRAS_SPRITESHEET.png using Guid(ca2bd9c31e3cc114c882ef7a16d881ca) Importer(815301076,1909f56bfc062723c751e8b465ee728b) [PhysX] Initialized MultithreadedTaskDispatcher with 16 workers.
[PhysX] Initialized MultithreadedTaskDispatcher with 16 workers.
 -> (artifact id: 'cb1aa592e937755224938d9d1be96bc2') in 0.020117 seconds
Number of updated asset objects reloaded before import = 0
Number of asset objects unloaded after import = 3
========================================================================
Received Import Request.
  Time since last request: 0.014752 seconds.
  path: Assets/Sprites/Characters/Mage 1 (Tank)/Ulti/GHOSTY_ULTI_ATRASORIENTACIONIZQ_SPRITESHEET.png
  artifactKey: Guid(dd12f003793e4824b966ff0d24e0fe36) Importer(815301076,1909f56bfc062723c751e8b465ee728b)
Start importing Assets/Sprites/Characters/Mage 1 (Tank)/Ulti/GHOSTY_ULTI_ATRASORIENTACIONIZQ_SPRITESHEET.png using Guid(dd12f003793e4824b966ff0d24e0fe36) Importer(815301076,1909f56bfc062723c751e8b465ee728b) [PhysX] Initialized MultithreadedTaskDispatcher with 16 workers.
[PhysX] Initialized MultithreadedTaskDispatcher with 16 workers.
 -> (artifact id: '1b0b7630fa96f9869928aec77fc40b55') in 0.019893 seconds
Number of updated asset objects reloaded before import = 0
Number of asset objects unloaded after import = 3
========================================================================
Received Import Request.
  Time since last request: 0.001708 seconds.
  path: Assets/Sprites/Characters/Mage 1 (Tank)/Ulti/GHOSTY_ULTI_PERFILIZQ_SPRITESHEET.png
  artifactKey: Guid(9d8ea2035d831ea4c815676b1e79cf4e) Importer(815301076,1909f56bfc062723c751e8b465ee728b)
Start importing Assets/Sprites/Characters/Mage 1 (Tank)/Ulti/GHOSTY_ULTI_PERFILIZQ_SPRITESHEET.png using Guid(9d8ea2035d831ea4c815676b1e79cf4e) Importer(815301076,1909f56bfc062723c751e8b465ee728b) [PhysX] Initialized MultithreadedTaskDispatcher with 16 workers.
[PhysX] Initialized MultithreadedTaskDispatcher with 16 workers.
 -> (artifact id: '95c18a4511d1caff0ea267488ba434a9') in 0.021052 seconds
Number of updated asset objects reloaded before import = 0
Number of asset objects unloaded after import = 3
========================================================================
Received Import Request.
  Time since last request: 0.000018 seconds.
  path: Assets/Sprites/Characters/Mage 1 (Tank)/Ulti/GHOSTY_ULTI_FRENTEORIENTACIONDERECHA_SPRITESHEET.png
  artifactKey: Guid(caad509489c4f864aa25028a46e8064f) Importer(815301076,1909f56bfc062723c751e8b465ee728b)
Start importing Assets/Sprites/Characters/Mage 1 (Tank)/Ulti/GHOSTY_ULTI_FRENTEORIENTACIONDERECHA_SPRITESHEET.png using Guid(caad509489c4f864aa25028a46e8064f) Importer(815301076,1909f56bfc062723c751e8b465ee728b) [PhysX] Initialized MultithreadedTaskDispatcher with 16 workers.
[PhysX] Initialized MultithreadedTaskDispatcher with 16 workers.
 -> (artifact id: '0629ee20e63956d741ec8f00fb6eb6f7') in 0.027248 seconds
Number of updated asset objects reloaded before import = 0
Number of asset objects unloaded after import = 3
========================================================================
Received Import Request.
  Time since last request: 0.000026 seconds.
  path: Assets/Sprites/Characters/Mage 1 (Tank)/Ulti/GHOSTY_ULTI_FRENTE_SPRITESHEET.png
  artifactKey: Guid(00999bdd942a3b44793cfc526123146a) Importer(815301076,1909f56bfc062723c751e8b465ee728b)
Start importing Assets/Sprites/Characters/Mage 1 (Tank)/Ulti/GHOSTY_ULTI_FRENTE_SPRITESHEET.png using Guid(00999bdd942a3b44793cfc526123146a) Importer(815301076,1909f56bfc062723c751e8b465ee728b) [PhysX] Initialized MultithreadedTaskDispatcher with 16 workers.
[PhysX] Initialized MultithreadedTaskDispatcher with 16 workers.
 -> (artifact id: '2d959f4dfbf622a638d941698ca87d3a') in 0.047863 seconds
Number of updated asset objects reloaded before import = 0
Number of asset objects unloaded after import = 3
========================================================================
Received Import Request.
  Time since last request: 0.000014 seconds.
  path: Assets/Sprites/Characters/Mage 1 (Tank)/Ulti/GHOSTY_ULTI_PERFILDERECHO_SPRITESHEET.png
  artifactKey: Guid(95f878727dd2e0e4cb1e2748d93e133c) Importer(815301076,1909f56bfc062723c751e8b465ee728b)
Start importing Assets/Sprites/Characters/Mage 1 (Tank)/Ulti/GHOSTY_ULTI_PERFILDERECHO_SPRITESHEET.png using Guid(95f878727dd2e0e4cb1e2748d93e133c) Importer(815301076,1909f56bfc062723c751e8b465ee728b) [PhysX] Initialized MultithreadedTaskDispatcher with 16 workers.
[PhysX] Initialized MultithreadedTaskDispatcher with 16 workers.
 -> (artifact id: '2326c5d094493224f18935e8e9a63a7a') in 0.165741 seconds
Number of updated asset objects reloaded before import = 0
Number of asset objects unloaded after import = 3
Editor requested this worker to shutdown with reason: Scaling down because of idle timeout
TcpMessagingSession - receive error: operation aborted. errorcode: 995, details: La operacin de E/S se anul por una salida de subproceso o por una solicitud de aplicacin.
AssetImportWorker is now disconnected from the server
Process exiting
Exiting without the bug reporter. Application will terminate with return code 0